2020-10-15 20:38:29.956|ERROR|com.dimao.pdfprinter.api.DownloadPDFFiles|[vert.x-eventloop-thread-0] c.d.pdfprinter.api.DownloadPDFFiles [DownloadPDFFiles.java : 72] request error: 
io.vertx.core.json.DecodeException: Failed to decode:No content to map due to end-of-input
 at [Source: (String)""; line: 1, column: 0]
	at io.vertx.core.json.jackson.JacksonCodec.fromParser(JacksonCodec.java:100)
	at io.vertx.core.json.jackson.JacksonCodec.fromString(JacksonCodec.java:58)
	at io.vertx.core.json.JsonObject.fromJson(JsonObject.java:999)
	at io.vertx.core.json.JsonObject.<init>(JsonObject.java:54)
	at com.dimao.pdfprinter.api.DownloadPDFFiles.handle(DownloadPDFFiles.java:28)
	at com.dimao.pdfprinter.api.DownloadPDFFiles.handle(DownloadPDFFiles.java:19)
	at io.vertx.ext.web.impl.RouteState.handleContext(RouteState.java:1036)
	at io.vertx.ext.web.impl.RoutingContextImplBase.iterateNext(RoutingContextImplBase.java:131)
	at io.vertx.ext.web.impl.RoutingContextImpl.next(RoutingContextImpl.java:132)
	at io.vertx.ext.web.handler.impl.CorsHandlerImpl.handle(CorsHandlerImpl.java:147)
	at io.vertx.ext.web.handler.impl.CorsHandlerImpl.handle(CorsHandlerImpl.java:38)
	at io.vertx.ext.web.impl.RouteState.handleContext(RouteState.java:1036)
	at io.vertx.ext.web.impl.RoutingContextImplBase.iterateNext(RoutingContextImplBase.java:131)
	at io.vertx.ext.web.impl.RoutingContextImpl.next(RoutingContextImpl.java:132)
	at io.vertx.ext.web.handler.impl.BodyHandlerImpl$BHandler.doEnd(BodyHandlerImpl.java:296)
	at io.vertx.ext.web.handler.impl.BodyHandlerImpl$BHandler.end(BodyHandlerImpl.java:276)
	at io.vertx.ext.web.handler.impl.BodyHandlerImpl.lambda$handle$0(BodyHandlerImpl.java:87)
	at io.vertx.core.http.impl.HttpServerRequestImpl.onEnd(HttpServerRequestImpl.java:523)
	at io.vertx.core.http.impl.HttpServerRequestImpl.handleEnd(HttpServerRequestImpl.java:509)
	at io.vertx.core.http.impl.Http1xServerConnection.handleEnd(Http1xServerConnection.java:176)
	at io.vertx.core.http.impl.Http1xServerConnection.handleMessage(Http1xServerConnection.java:138)
	at io.vertx.core.impl.ContextImpl.executeTask(ContextImpl.java:366)
	at io.vertx.core.impl.EventLoopContext.execute(EventLoopContext.java:43)
	at io.vertx.core.impl.ContextImpl.executeFromIO(ContextImpl.java:229)
	at io.vertx.core.net.impl.VertxHandler.channelRead(VertxHandler.java:163)
	at io.netty.channel.AbstractChannelHandlerContext.invokeChannelRead(AbstractChannelHandlerContext.java:379)
	at io.netty.channel.AbstractChannelHandlerContext.invokeChannelRead(AbstractChannelHandlerContext.java:365)
	at io.netty.channel.AbstractChannelHandlerContext.fireChannelRead(AbstractChannelHandlerContext.java:357)
	at io.netty.channel.ChannelInboundHandlerAdapter.channelRead(ChannelInboundHandlerAdapter.java:93)
	at io.netty.handler.codec.http.websocketx.extensions.WebSocketServerExtensionHandler.channelRead(WebSocketServerExtensionHandler.java:101)
	at io.netty.channel.AbstractChannelHandlerContext.invokeChannelRead(AbstractChannelHandlerContext.java:379)
	at io.netty.channel.AbstractChannelHandlerContext.invokeChannelRead(AbstractChannelHandlerContext.java:365)
	at io.netty.channel.AbstractChannelHandlerContext.fireChannelRead(AbstractChannelHandlerContext.java:357)
	at io.netty.handler.codec.ByteToMessageDecoder.fireChannelRead(ByteToMessageDecoder.java:324)
	at io.netty.handler.codec.ByteToMessageDecoder.channelRead(ByteToMessageDecoder.java:296)
	at io.netty.channel.AbstractChannelHandlerContext.invokeChannelRead(AbstractChannelHandlerContext.java:379)
	at io.netty.channel.AbstractChannelHandlerContext.invokeChannelRead(AbstractChannelHandlerContext.java:365)
	at io.netty.channel.AbstractChannelHandlerContext.fireChannelRead(AbstractChannelHandlerContext.java:357)
	at io.netty.channel.DefaultChannelPipeline$HeadContext.channelRead(DefaultChannelPipeline.java:1410)
	at io.netty.channel.AbstractChannelHandlerContext.invokeChannelRead(AbstractChannelHandlerContext.java:379)
	at io.netty.channel.AbstractChannelHandlerContext.invokeChannelRead(AbstractChannelHandlerContext.java:365)
	at io.netty.channel.DefaultChannelPipeline.fireChannelRead(DefaultChannelPipeline.java:919)
	at io.netty.channel.nio.AbstractNioByteChannel$NioByteUnsafe.read(AbstractNioByteChannel.java:163)
	at io.netty.channel.nio.NioEventLoop.processSelectedKey(NioEventLoop.java:714)
	at io.netty.channel.nio.NioEventLoop.processSelectedKeysOptimized(NioEventLoop.java:650)
	at io.netty.channel.nio.NioEventLoop.processSelectedKeys(NioEventLoop.java:576)
	at io.netty.channel.nio.NioEventLoop.run(NioEventLoop.java:493)
	at io.netty.util.concurrent.SingleThreadEventExecutor$4.run(SingleThreadEventExecutor.java:989)
	at io.netty.util.internal.ThreadExecutorMap$2.run(ThreadExecutorMap.java:74)
	at io.netty.util.concurrent.FastThreadLocalRunnable.run(FastThreadLocalRunnable.java:30)
	at java.lang.Thread.run(Thread.java:748)
Caused by: com.fasterxml.jackson.databind.exc.MismatchedInputException: No content to map due to end-of-input
 at [Source: (String)""; line: 1, column: 0]
	at com.fasterxml.jackson.databind.exc.MismatchedInputException.from(MismatchedInputException.java:59)
	at com.fasterxml.jackson.databind.ObjectMapper._initForReading(ObjectMapper.java:4344)
	at com.fasterxml.jackson.databind.ObjectMapper._readValue(ObjectMapper.java:4160)
	at com.fasterxml.jackson.databind.ObjectMapper.readValue(ObjectMapper.java:2467)
	at io.vertx.core.json.jackson.JacksonCodec.fromParser(JacksonCodec.java:97)
	... 50 common frames omitted
2020-10-15 20:38:52.791|ERROR|com.dimao.pdfprinter.api.DownloadPDFFiles|[vert.x-eventloop-thread-0] c.d.pdfprinter.api.DownloadPDFFiles [DownloadPDFFiles.java : 72] request error: 
io.vertx.core.json.DecodeException: Failed to decode:No content to map due to end-of-input
 at [Source: (String)""; line: 1, column: 0]
	at io.vertx.core.json.jackson.JacksonCodec.fromParser(JacksonCodec.java:100)
	at io.vertx.core.json.jackson.JacksonCodec.fromString(JacksonCodec.java:58)
	at io.vertx.core.json.JsonObject.fromJson(JsonObject.java:999)
	at io.vertx.core.json.JsonObject.<init>(JsonObject.java:54)
	at com.dimao.pdfprinter.api.DownloadPDFFiles.handle(DownloadPDFFiles.java:28)
	at com.dimao.pdfprinter.api.DownloadPDFFiles.handle(DownloadPDFFiles.java:19)
	at io.vertx.ext.web.impl.RouteState.handleContext(RouteState.java:1036)
	at io.vertx.ext.web.impl.RoutingContextImplBase.iterateNext(RoutingContextImplBase.java:131)
	at io.vertx.ext.web.impl.RoutingContextImpl.next(RoutingContextImpl.java:132)
	at io.vertx.ext.web.handler.impl.CorsHandlerImpl.handle(CorsHandlerImpl.java:147)
	at io.vertx.ext.web.handler.impl.CorsHandlerImpl.handle(CorsHandlerImpl.java:38)
	at io.vertx.ext.web.impl.RouteState.handleContext(RouteState.java:1036)
	at io.vertx.ext.web.impl.RoutingContextImplBase.iterateNext(RoutingContextImplBase.java:131)
	at io.vertx.ext.web.impl.RoutingContextImpl.next(RoutingContextImpl.java:132)
	at io.vertx.ext.web.handler.impl.BodyHandlerImpl$BHandler.doEnd(BodyHandlerImpl.java:296)
	at io.vertx.ext.web.handler.impl.BodyHandlerImpl$BHandler.end(BodyHandlerImpl.java:276)
	at io.vertx.ext.web.handler.impl.BodyHandlerImpl.lambda$handle$0(BodyHandlerImpl.java:87)
	at io.vertx.core.http.impl.HttpServerRequestImpl.onEnd(HttpServerRequestImpl.java:523)
	at io.vertx.core.http.impl.HttpServerRequestImpl.handleEnd(HttpServerRequestImpl.java:509)
	at io.vertx.core.http.impl.Http1xServerConnection.handleEnd(Http1xServerConnection.java:176)
	at io.vertx.core.http.impl.Http1xServerConnection.handleMessage(Http1xServerConnection.java:138)
	at io.vertx.core.impl.ContextImpl.executeTask(ContextImpl.java:366)
	at io.vertx.core.impl.EventLoopContext.execute(EventLoopContext.java:43)
	at io.vertx.core.impl.ContextImpl.executeFromIO(ContextImpl.java:229)
	at io.vertx.core.net.impl.VertxHandler.channelRead(VertxHandler.java:163)
	at io.netty.channel.AbstractChannelHandlerContext.invokeChannelRead(AbstractChannelHandlerContext.java:379)
	at io.netty.channel.AbstractChannelHandlerContext.invokeChannelRead(AbstractChannelHandlerContext.java:365)
	at io.netty.channel.AbstractChannelHandlerContext.fireChannelRead(AbstractChannelHandlerContext.java:357)
	at io.netty.channel.ChannelInboundHandlerAdapter.channelRead(ChannelInboundHandlerAdapter.java:93)
	at io.netty.handler.codec.http.websocketx.extensions.WebSocketServerExtensionHandler.channelRead(WebSocketServerExtensionHandler.java:101)
	at io.netty.channel.AbstractChannelHandlerContext.invokeChannelRead(AbstractChannelHandlerContext.java:379)
	at io.netty.channel.AbstractChannelHandlerContext.invokeChannelRead(AbstractChannelHandlerContext.java:365)
	at io.netty.channel.AbstractChannelHandlerContext.fireChannelRead(AbstractChannelHandlerContext.java:357)
	at io.netty.handler.codec.ByteToMessageDecoder.fireChannelRead(ByteToMessageDecoder.java:324)
	at io.netty.handler.codec.ByteToMessageDecoder.channelRead(ByteToMessageDecoder.java:296)
	at io.netty.channel.AbstractChannelHandlerContext.invokeChannelRead(AbstractChannelHandlerContext.java:379)
	at io.netty.channel.AbstractChannelHandlerContext.invokeChannelRead(AbstractChannelHandlerContext.java:365)
	at io.netty.channel.AbstractChannelHandlerContext.fireChannelRead(AbstractChannelHandlerContext.java:357)
	at io.netty.channel.DefaultChannelPipeline$HeadContext.channelRead(DefaultChannelPipeline.java:1410)
	at io.netty.channel.AbstractChannelHandlerContext.invokeChannelRead(AbstractChannelHandlerContext.java:379)
	at io.netty.channel.AbstractChannelHandlerContext.invokeChannelRead(AbstractChannelHandlerContext.java:365)
	at io.netty.channel.DefaultChannelPipeline.fireChannelRead(DefaultChannelPipeline.java:919)
	at io.netty.channel.nio.AbstractNioByteChannel$NioByteUnsafe.read(AbstractNioByteChannel.java:163)
	at io.netty.channel.nio.NioEventLoop.processSelectedKey(NioEventLoop.java:714)
	at io.netty.channel.nio.NioEventLoop.processSelectedKeysOptimized(NioEventLoop.java:650)
	at io.netty.channel.nio.NioEventLoop.processSelectedKeys(NioEventLoop.java:576)
	at io.netty.channel.nio.NioEventLoop.run(NioEventLoop.java:493)
	at io.netty.util.concurrent.SingleThreadEventExecutor$4.run(SingleThreadEventExecutor.java:989)
	at io.netty.util.internal.ThreadExecutorMap$2.run(ThreadExecutorMap.java:74)
	at io.netty.util.concurrent.FastThreadLocalRunnable.run(FastThreadLocalRunnable.java:30)
	at java.lang.Thread.run(Thread.java:748)
Caused by: com.fasterxml.jackson.databind.exc.MismatchedInputException: No content to map due to end-of-input
 at [Source: (String)""; line: 1, column: 0]
	at com.fasterxml.jackson.databind.exc.MismatchedInputException.from(MismatchedInputException.java:59)
	at com.fasterxml.jackson.databind.ObjectMapper._initForReading(ObjectMapper.java:4344)
	at com.fasterxml.jackson.databind.ObjectMapper._readValue(ObjectMapper.java:4160)
	at com.fasterxml.jackson.databind.ObjectMapper.readValue(ObjectMapper.java:2467)
	at io.vertx.core.json.jackson.JacksonCodec.fromParser(JacksonCodec.java:97)
	... 50 common frames omitted
2020-10-15 20:39:09.103|ERROR|com.dimao.pdfprinter.api.DownloadPDFFiles|[vert.x-eventloop-thread-0] c.d.pdfprinter.api.DownloadPDFFiles [DownloadPDFFiles.java : 72] request error: 
io.vertx.core.json.DecodeException: Failed to decode:Unrecognized token 'file_urls': was expecting (JSON String, Number, Array, Object or token 'null', 'true' or 'false')
 at [Source: (StringReader); line: 1, column: 10]
	at io.vertx.core.json.jackson.JacksonCodec.fromParser(JacksonCodec.java:100)
	at io.vertx.core.json.jackson.JacksonCodec.fromString(JacksonCodec.java:58)
	at io.vertx.core.json.JsonObject.fromJson(JsonObject.java:999)
	at io.vertx.core.json.JsonObject.<init>(JsonObject.java:54)
	at com.dimao.pdfprinter.api.DownloadPDFFiles.handle(DownloadPDFFiles.java:28)
	at com.dimao.pdfprinter.api.DownloadPDFFiles.handle(DownloadPDFFiles.java:19)
	at io.vertx.ext.web.impl.RouteState.handleContext(RouteState.java:1036)
	at io.vertx.ext.web.impl.RoutingContextImplBase.iterateNext(RoutingContextImplBase.java:131)
	at io.vertx.ext.web.impl.RoutingContextImpl.next(RoutingContextImpl.java:132)
	at io.vertx.ext.web.handler.impl.CorsHandlerImpl.handle(CorsHandlerImpl.java:147)
	at io.vertx.ext.web.handler.impl.CorsHandlerImpl.handle(CorsHandlerImpl.java:38)
	at io.vertx.ext.web.impl.RouteState.handleContext(RouteState.java:1036)
	at io.vertx.ext.web.impl.RoutingContextImplBase.iterateNext(RoutingContextImplBase.java:131)
	at io.vertx.ext.web.impl.RoutingContextImpl.next(RoutingContextImpl.java:132)
	at io.vertx.ext.web.handler.impl.BodyHandlerImpl$BHandler.doEnd(BodyHandlerImpl.java:296)
	at io.vertx.ext.web.handler.impl.BodyHandlerImpl$BHandler.end(BodyHandlerImpl.java:276)
	at io.vertx.ext.web.handler.impl.BodyHandlerImpl.lambda$handle$0(BodyHandlerImpl.java:87)
	at io.vertx.core.http.impl.HttpServerRequestImpl.onEnd(HttpServerRequestImpl.java:523)
	at io.vertx.core.http.impl.HttpServerRequestImpl.handleEnd(HttpServerRequestImpl.java:509)
	at io.vertx.core.http.impl.Http1xServerConnection.handleEnd(Http1xServerConnection.java:176)
	at io.vertx.core.http.impl.Http1xServerConnection.handleContent(Http1xServerConnection.java:163)
	at io.vertx.core.http.impl.Http1xServerConnection.handleMessage(Http1xServerConnection.java:140)
	at io.vertx.core.impl.ContextImpl.executeTask(ContextImpl.java:366)
	at io.vertx.core.impl.EventLoopContext.execute(EventLoopContext.java:43)
	at io.vertx.core.impl.ContextImpl.executeFromIO(ContextImpl.java:229)
	at io.vertx.core.net.impl.VertxHandler.channelRead(VertxHandler.java:163)
	at io.netty.channel.AbstractChannelHandlerContext.invokeChannelRead(AbstractChannelHandlerContext.java:379)
	at io.netty.channel.AbstractChannelHandlerContext.invokeChannelRead(AbstractChannelHandlerContext.java:365)
	at io.netty.channel.AbstractChannelHandlerContext.fireChannelRead(AbstractChannelHandlerContext.java:357)
	at io.netty.channel.ChannelInboundHandlerAdapter.channelRead(ChannelInboundHandlerAdapter.java:93)
	at io.netty.handler.codec.http.websocketx.extensions.WebSocketServerExtensionHandler.channelRead(WebSocketServerExtensionHandler.java:101)
	at io.netty.channel.AbstractChannelHandlerContext.invokeChannelRead(AbstractChannelHandlerContext.java:379)
	at io.netty.channel.AbstractChannelHandlerContext.invokeChannelRead(AbstractChannelHandlerContext.java:365)
	at io.netty.channel.AbstractChannelHandlerContext.fireChannelRead(AbstractChannelHandlerContext.java:357)
	at io.netty.handler.codec.ByteToMessageDecoder.fireChannelRead(ByteToMessageDecoder.java:324)
	at io.netty.handler.codec.ByteToMessageDecoder.channelRead(ByteToMessageDecoder.java:296)
	at io.netty.channel.AbstractChannelHandlerContext.invokeChannelRead(AbstractChannelHandlerContext.java:379)
	at io.netty.channel.AbstractChannelHandlerContext.invokeChannelRead(AbstractChannelHandlerContext.java:365)
	at io.netty.channel.AbstractChannelHandlerContext.fireChannelRead(AbstractChannelHandlerContext.java:357)
	at io.netty.channel.DefaultChannelPipeline$HeadContext.channelRead(DefaultChannelPipeline.java:1410)
	at io.netty.channel.AbstractChannelHandlerContext.invokeChannelRead(AbstractChannelHandlerContext.java:379)
	at io.netty.channel.AbstractChannelHandlerContext.invokeChannelRead(AbstractChannelHandlerContext.java:365)
	at io.netty.channel.DefaultChannelPipeline.fireChannelRead(DefaultChannelPipeline.java:919)
	at io.netty.channel.nio.AbstractNioByteChannel$NioByteUnsafe.read(AbstractNioByteChannel.java:163)
	at io.netty.channel.nio.NioEventLoop.processSelectedKey(NioEventLoop.java:714)
	at io.netty.channel.nio.NioEventLoop.processSelectedKeysOptimized(NioEventLoop.java:650)
	at io.netty.channel.nio.NioEventLoop.processSelectedKeys(NioEventLoop.java:576)
	at io.netty.channel.nio.NioEventLoop.run(NioEventLoop.java:493)
	at io.netty.util.concurrent.SingleThreadEventExecutor$4.run(SingleThreadEventExecutor.java:989)
	at io.netty.util.internal.ThreadExecutorMap$2.run(ThreadExecutorMap.java:74)
	at io.netty.util.concurrent.FastThreadLocalRunnable.run(FastThreadLocalRunnable.java:30)
	at java.lang.Thread.run(Thread.java:748)
Caused by: com.fasterxml.jackson.core.JsonParseException: Unrecognized token 'file_urls': was expecting (JSON String, Number, Array, Object or token 'null', 'true' or 'false')
 at [Source: (StringReader); line: 1, column: 10]
	at com.fasterxml.jackson.core.JsonParser._constructError(JsonParser.java:1840)
	at com.fasterxml.jackson.core.base.ParserMinimalBase._reportError(ParserMinimalBase.java:722)
	at com.fasterxml.jackson.core.json.ReaderBasedJsonParser._reportInvalidToken(ReaderBasedJsonParser.java:2868)
	at com.fasterxml.jackson.core.json.ReaderBasedJsonParser._reportInvalidToken(ReaderBasedJsonParser.java:2846)
	at com.fasterxml.jackson.core.json.ReaderBasedJsonParser._matchToken(ReaderBasedJsonParser.java:2627)
	at com.fasterxml.jackson.core.json.ReaderBasedJsonParser._matchFalse(ReaderBasedJsonParser.java:2595)
	at com.fasterxml.jackson.core.json.ReaderBasedJsonParser.nextToken(ReaderBasedJsonParser.java:745)
	at com.fasterxml.jackson.databind.ObjectMapper._initForReading(ObjectMapper.java:4340)
	at com.fasterxml.jackson.databind.ObjectMapper._readValue(ObjectMapper.java:4160)
	at com.fasterxml.jackson.databind.ObjectMapper.readValue(ObjectMapper.java:2467)
	at io.vertx.core.json.jackson.JacksonCodec.fromParser(JacksonCodec.java:97)
	... 51 common frames omitted
2020-10-15 20:39:49.378|ERROR|com.dimao.pdfprinter.api.DownloadPDFFiles|[vert.x-eventloop-thread-0] c.d.pdfprinter.api.DownloadPDFFiles [DownloadPDFFiles.java : 72] request error: 
io.vertx.core.json.DecodeException: Failed to decode:Unrecognized token 'file_urls': was expecting (JSON String, Number, Array, Object or token 'null', 'true' or 'false')
 at [Source: (StringReader); line: 1, column: 10]
	at io.vertx.core.json.jackson.JacksonCodec.fromParser(JacksonCodec.java:100)
	at io.vertx.core.json.jackson.JacksonCodec.fromString(JacksonCodec.java:58)
	at io.vertx.core.json.JsonObject.fromJson(JsonObject.java:999)
	at io.vertx.core.json.JsonObject.<init>(JsonObject.java:54)
	at com.dimao.pdfprinter.api.DownloadPDFFiles.handle(DownloadPDFFiles.java:28)
	at com.dimao.pdfprinter.api.DownloadPDFFiles.handle(DownloadPDFFiles.java:19)
	at io.vertx.ext.web.impl.RouteState.handleContext(RouteState.java:1036)
	at io.vertx.ext.web.impl.RoutingContextImplBase.iterateNext(RoutingContextImplBase.java:131)
	at io.vertx.ext.web.impl.RoutingContextImpl.next(RoutingContextImpl.java:132)
	at io.vertx.ext.web.handler.impl.CorsHandlerImpl.handle(CorsHandlerImpl.java:147)
	at io.vertx.ext.web.handler.impl.CorsHandlerImpl.handle(CorsHandlerImpl.java:38)
	at io.vertx.ext.web.impl.RouteState.handleContext(RouteState.java:1036)
	at io.vertx.ext.web.impl.RoutingContextImplBase.iterateNext(RoutingContextImplBase.java:131)
	at io.vertx.ext.web.impl.RoutingContextImpl.next(RoutingContextImpl.java:132)
	at io.vertx.ext.web.handler.impl.BodyHandlerImpl$BHandler.doEnd(BodyHandlerImpl.java:296)
	at io.vertx.ext.web.handler.impl.BodyHandlerImpl$BHandler.end(BodyHandlerImpl.java:276)
	at io.vertx.ext.web.handler.impl.BodyHandlerImpl.lambda$handle$0(BodyHandlerImpl.java:87)
	at io.vertx.core.http.impl.HttpServerRequestImpl.onEnd(HttpServerRequestImpl.java:523)
	at io.vertx.core.http.impl.HttpServerRequestImpl.handleEnd(HttpServerRequestImpl.java:509)
	at io.vertx.core.http.impl.Http1xServerConnection.handleEnd(Http1xServerConnection.java:176)
	at io.vertx.core.http.impl.Http1xServerConnection.handleContent(Http1xServerConnection.java:163)
	at io.vertx.core.http.impl.Http1xServerConnection.handleMessage(Http1xServerConnection.java:140)
	at io.vertx.core.impl.ContextImpl.executeTask(ContextImpl.java:366)
	at io.vertx.core.impl.EventLoopContext.execute(EventLoopContext.java:43)
	at io.vertx.core.impl.ContextImpl.executeFromIO(ContextImpl.java:229)
	at io.vertx.core.net.impl.VertxHandler.channelRead(VertxHandler.java:163)
	at io.netty.channel.AbstractChannelHandlerContext.invokeChannelRead(AbstractChannelHandlerContext.java:379)
	at io.netty.channel.AbstractChannelHandlerContext.invokeChannelRead(AbstractChannelHandlerContext.java:365)
	at io.netty.channel.AbstractChannelHandlerContext.fireChannelRead(AbstractChannelHandlerContext.java:357)
	at io.netty.channel.ChannelInboundHandlerAdapter.channelRead(ChannelInboundHandlerAdapter.java:93)
	at io.netty.handler.codec.http.websocketx.extensions.WebSocketServerExtensionHandler.channelRead(WebSocketServerExtensionHandler.java:101)
	at io.netty.channel.AbstractChannelHandlerContext.invokeChannelRead(AbstractChannelHandlerContext.java:379)
	at io.netty.channel.AbstractChannelHandlerContext.invokeChannelRead(AbstractChannelHandlerContext.java:365)
	at io.netty.channel.AbstractChannelHandlerContext.fireChannelRead(AbstractChannelHandlerContext.java:357)
	at io.netty.handler.codec.ByteToMessageDecoder.fireChannelRead(ByteToMessageDecoder.java:324)
	at io.netty.handler.codec.ByteToMessageDecoder.channelRead(ByteToMessageDecoder.java:296)
	at io.netty.channel.AbstractChannelHandlerContext.invokeChannelRead(AbstractChannelHandlerContext.java:379)
	at io.netty.channel.AbstractChannelHandlerContext.invokeChannelRead(AbstractChannelHandlerContext.java:365)
	at io.netty.channel.AbstractChannelHandlerContext.fireChannelRead(AbstractChannelHandlerContext.java:357)
	at io.netty.channel.DefaultChannelPipeline$HeadContext.channelRead(DefaultChannelPipeline.java:1410)
	at io.netty.channel.AbstractChannelHandlerContext.invokeChannelRead(AbstractChannelHandlerContext.java:379)
	at io.netty.channel.AbstractChannelHandlerContext.invokeChannelRead(AbstractChannelHandlerContext.java:365)
	at io.netty.channel.DefaultChannelPipeline.fireChannelRead(DefaultChannelPipeline.java:919)
	at io.netty.channel.nio.AbstractNioByteChannel$NioByteUnsafe.read(AbstractNioByteChannel.java:163)
	at io.netty.channel.nio.NioEventLoop.processSelectedKey(NioEventLoop.java:714)
	at io.netty.channel.nio.NioEventLoop.processSelectedKeysOptimized(NioEventLoop.java:650)
	at io.netty.channel.nio.NioEventLoop.processSelectedKeys(NioEventLoop.java:576)
	at io.netty.channel.nio.NioEventLoop.run(NioEventLoop.java:493)
	at io.netty.util.concurrent.SingleThreadEventExecutor$4.run(SingleThreadEventExecutor.java:989)
	at io.netty.util.internal.ThreadExecutorMap$2.run(ThreadExecutorMap.java:74)
	at io.netty.util.concurrent.FastThreadLocalRunnable.run(FastThreadLocalRunnable.java:30)
	at java.lang.Thread.run(Thread.java:748)
Caused by: com.fasterxml.jackson.core.JsonParseException: Unrecognized token 'file_urls': was expecting (JSON String, Number, Array, Object or token 'null', 'true' or 'false')
 at [Source: (StringReader); line: 1, column: 10]
	at com.fasterxml.jackson.core.JsonParser._constructError(JsonParser.java:1840)
	at com.fasterxml.jackson.core.base.ParserMinimalBase._reportError(ParserMinimalBase.java:722)
	at com.fasterxml.jackson.core.json.ReaderBasedJsonParser._reportInvalidToken(ReaderBasedJsonParser.java:2868)
	at com.fasterxml.jackson.core.json.ReaderBasedJsonParser._reportInvalidToken(ReaderBasedJsonParser.java:2846)
	at com.fasterxml.jackson.core.json.ReaderBasedJsonParser._matchToken(ReaderBasedJsonParser.java:2627)
	at com.fasterxml.jackson.core.json.ReaderBasedJsonParser._matchFalse(ReaderBasedJsonParser.java:2595)
	at com.fasterxml.jackson.core.json.ReaderBasedJsonParser.nextToken(ReaderBasedJsonParser.java:745)
	at com.fasterxml.jackson.databind.ObjectMapper._initForReading(ObjectMapper.java:4340)
	at com.fasterxml.jackson.databind.ObjectMapper._readValue(ObjectMapper.java:4160)
	at com.fasterxml.jackson.databind.ObjectMapper.readValue(ObjectMapper.java:2467)
	at io.vertx.core.json.jackson.JacksonCodec.fromParser(JacksonCodec.java:97)
	... 51 common frames omitted
2020-10-15 20:41:57.471|ERROR|com.dimao.pdfprinter.api.DownloadPDFFiles|[vert.x-eventloop-thread-0] c.d.pdfprinter.api.DownloadPDFFiles [DownloadPDFFiles.java : 72] request error: 
io.vertx.core.json.DecodeException: Failed to decode:No content to map due to end-of-input
 at [Source: (String)""; line: 1, column: 0]
	at io.vertx.core.json.jackson.JacksonCodec.fromParser(JacksonCodec.java:100)
	at io.vertx.core.json.jackson.JacksonCodec.fromString(JacksonCodec.java:58)
	at io.vertx.core.json.JsonObject.fromJson(JsonObject.java:999)
	at io.vertx.core.json.JsonObject.<init>(JsonObject.java:54)
	at com.dimao.pdfprinter.api.DownloadPDFFiles.handle(DownloadPDFFiles.java:28)
	at com.dimao.pdfprinter.api.DownloadPDFFiles.handle(DownloadPDFFiles.java:19)
	at io.vertx.ext.web.impl.RouteState.handleContext(RouteState.java:1036)
	at io.vertx.ext.web.impl.RoutingContextImplBase.iterateNext(RoutingContextImplBase.java:131)
	at io.vertx.ext.web.impl.RoutingContextImpl.next(RoutingContextImpl.java:132)
	at io.vertx.ext.web.handler.impl.CorsHandlerImpl.handle(CorsHandlerImpl.java:147)
	at io.vertx.ext.web.handler.impl.CorsHandlerImpl.handle(CorsHandlerImpl.java:38)
	at io.vertx.ext.web.impl.RouteState.handleContext(RouteState.java:1036)
	at io.vertx.ext.web.impl.RoutingContextImplBase.iterateNext(RoutingContextImplBase.java:131)
	at io.vertx.ext.web.impl.RoutingContextImpl.next(RoutingContextImpl.java:132)
	at io.vertx.ext.web.handler.impl.BodyHandlerImpl$BHandler.doEnd(BodyHandlerImpl.java:296)
	at io.vertx.ext.web.handler.impl.BodyHandlerImpl$BHandler.end(BodyHandlerImpl.java:276)
	at io.vertx.ext.web.handler.impl.BodyHandlerImpl.lambda$handle$0(BodyHandlerImpl.java:87)
	at io.vertx.core.http.impl.HttpServerRequestImpl.onEnd(HttpServerRequestImpl.java:523)
	at io.vertx.core.http.impl.HttpServerRequestImpl.handleEnd(HttpServerRequestImpl.java:509)
	at io.vertx.core.http.impl.Http1xServerConnection.handleEnd(Http1xServerConnection.java:176)
	at io.vertx.core.http.impl.Http1xServerConnection.handleMessage(Http1xServerConnection.java:138)
	at io.vertx.core.impl.ContextImpl.executeTask(ContextImpl.java:366)
	at io.vertx.core.impl.EventLoopContext.execute(EventLoopContext.java:43)
	at io.vertx.core.impl.ContextImpl.executeFromIO(ContextImpl.java:229)
	at io.vertx.core.net.impl.VertxHandler.channelRead(VertxHandler.java:163)
	at io.netty.channel.AbstractChannelHandlerContext.invokeChannelRead(AbstractChannelHandlerContext.java:379)
	at io.netty.channel.AbstractChannelHandlerContext.invokeChannelRead(AbstractChannelHandlerContext.java:365)
	at io.netty.channel.AbstractChannelHandlerContext.fireChannelRead(AbstractChannelHandlerContext.java:357)
	at io.netty.channel.ChannelInboundHandlerAdapter.channelRead(ChannelInboundHandlerAdapter.java:93)
	at io.netty.handler.codec.http.websocketx.extensions.WebSocketServerExtensionHandler.channelRead(WebSocketServerExtensionHandler.java:101)
	at io.netty.channel.AbstractChannelHandlerContext.invokeChannelRead(AbstractChannelHandlerContext.java:379)
	at io.netty.channel.AbstractChannelHandlerContext.invokeChannelRead(AbstractChannelHandlerContext.java:365)
	at io.netty.channel.AbstractChannelHandlerContext.fireChannelRead(AbstractChannelHandlerContext.java:357)
	at io.netty.handler.codec.ByteToMessageDecoder.fireChannelRead(ByteToMessageDecoder.java:324)
	at io.netty.handler.codec.ByteToMessageDecoder.channelRead(ByteToMessageDecoder.java:296)
	at io.netty.channel.AbstractChannelHandlerContext.invokeChannelRead(AbstractChannelHandlerContext.java:379)
	at io.netty.channel.AbstractChannelHandlerContext.invokeChannelRead(AbstractChannelHandlerContext.java:365)
	at io.netty.channel.AbstractChannelHandlerContext.fireChannelRead(AbstractChannelHandlerContext.java:357)
	at io.netty.channel.DefaultChannelPipeline$HeadContext.channelRead(DefaultChannelPipeline.java:1410)
	at io.netty.channel.AbstractChannelHandlerContext.invokeChannelRead(AbstractChannelHandlerContext.java:379)
	at io.netty.channel.AbstractChannelHandlerContext.invokeChannelRead(AbstractChannelHandlerContext.java:365)
	at io.netty.channel.DefaultChannelPipeline.fireChannelRead(DefaultChannelPipeline.java:919)
	at io.netty.channel.nio.AbstractNioByteChannel$NioByteUnsafe.read(AbstractNioByteChannel.java:163)
	at io.netty.channel.nio.NioEventLoop.processSelectedKey(NioEventLoop.java:714)
	at io.netty.channel.nio.NioEventLoop.processSelectedKeysOptimized(NioEventLoop.java:650)
	at io.netty.channel.nio.NioEventLoop.processSelectedKeys(NioEventLoop.java:576)
	at io.netty.channel.nio.NioEventLoop.run(NioEventLoop.java:493)
	at io.netty.util.concurrent.SingleThreadEventExecutor$4.run(SingleThreadEventExecutor.java:989)
	at io.netty.util.internal.ThreadExecutorMap$2.run(ThreadExecutorMap.java:74)
	at io.netty.util.concurrent.FastThreadLocalRunnable.run(FastThreadLocalRunnable.java:30)
	at java.lang.Thread.run(Thread.java:748)
Caused by: com.fasterxml.jackson.databind.exc.MismatchedInputException: No content to map due to end-of-input
 at [Source: (String)""; line: 1, column: 0]
	at com.fasterxml.jackson.databind.exc.MismatchedInputException.from(MismatchedInputException.java:59)
	at com.fasterxml.jackson.databind.ObjectMapper._initForReading(ObjectMapper.java:4344)
	at com.fasterxml.jackson.databind.ObjectMapper._readValue(ObjectMapper.java:4160)
	at com.fasterxml.jackson.databind.ObjectMapper.readValue(ObjectMapper.java:2467)
	at io.vertx.core.json.jackson.JacksonCodec.fromParser(JacksonCodec.java:97)
	... 50 common frames omitted
2020-10-15 20:42:15.412|ERROR|com.dimao.pdfprinter.api.DownloadPDFFiles|[vert.x-eventloop-thread-0] c.d.pdfprinter.api.DownloadPDFFiles [DownloadPDFFiles.java : 72] request error: 
io.vertx.core.json.DecodeException: Failed to decode:Unrecognized token 'file_urls': was expecting (JSON String, Number, Array, Object or token 'null', 'true' or 'false')
 at [Source: (StringReader); line: 1, column: 10]
	at io.vertx.core.json.jackson.JacksonCodec.fromParser(JacksonCodec.java:100)
	at io.vertx.core.json.jackson.JacksonCodec.fromString(JacksonCodec.java:58)
	at io.vertx.core.json.JsonObject.fromJson(JsonObject.java:999)
	at io.vertx.core.json.JsonObject.<init>(JsonObject.java:54)
	at com.dimao.pdfprinter.api.DownloadPDFFiles.handle(DownloadPDFFiles.java:28)
	at com.dimao.pdfprinter.api.DownloadPDFFiles.handle(DownloadPDFFiles.java:19)
	at io.vertx.ext.web.impl.RouteState.handleContext(RouteState.java:1036)
	at io.vertx.ext.web.impl.RoutingContextImplBase.iterateNext(RoutingContextImplBase.java:131)
	at io.vertx.ext.web.impl.RoutingContextImpl.next(RoutingContextImpl.java:132)
	at io.vertx.ext.web.handler.impl.CorsHandlerImpl.handle(CorsHandlerImpl.java:147)
	at io.vertx.ext.web.handler.impl.CorsHandlerImpl.handle(CorsHandlerImpl.java:38)
	at io.vertx.ext.web.impl.RouteState.handleContext(RouteState.java:1036)
	at io.vertx.ext.web.impl.RoutingContextImplBase.iterateNext(RoutingContextImplBase.java:131)
	at io.vertx.ext.web.impl.RoutingContextImpl.next(RoutingContextImpl.java:132)
	at io.vertx.ext.web.handler.impl.BodyHandlerImpl$BHandler.doEnd(BodyHandlerImpl.java:296)
	at io.vertx.ext.web.handler.impl.BodyHandlerImpl$BHandler.end(BodyHandlerImpl.java:276)
	at io.vertx.ext.web.handler.impl.BodyHandlerImpl.lambda$handle$0(BodyHandlerImpl.java:87)
	at io.vertx.core.http.impl.HttpServerRequestImpl.onEnd(HttpServerRequestImpl.java:523)
	at io.vertx.core.http.impl.HttpServerRequestImpl.handleEnd(HttpServerRequestImpl.java:509)
	at io.vertx.core.http.impl.Http1xServerConnection.handleEnd(Http1xServerConnection.java:176)
	at io.vertx.core.http.impl.Http1xServerConnection.handleContent(Http1xServerConnection.java:163)
	at io.vertx.core.http.impl.Http1xServerConnection.handleMessage(Http1xServerConnection.java:140)
	at io.vertx.core.impl.ContextImpl.executeTask(ContextImpl.java:366)
	at io.vertx.core.impl.EventLoopContext.execute(EventLoopContext.java:43)
	at io.vertx.core.impl.ContextImpl.executeFromIO(ContextImpl.java:229)
	at io.vertx.core.net.impl.VertxHandler.channelRead(VertxHandler.java:163)
	at io.netty.channel.AbstractChannelHandlerContext.invokeChannelRead(AbstractChannelHandlerContext.java:379)
	at io.netty.channel.AbstractChannelHandlerContext.invokeChannelRead(AbstractChannelHandlerContext.java:365)
	at io.netty.channel.AbstractChannelHandlerContext.fireChannelRead(AbstractChannelHandlerContext.java:357)
	at io.netty.channel.ChannelInboundHandlerAdapter.channelRead(ChannelInboundHandlerAdapter.java:93)
	at io.netty.handler.codec.http.websocketx.extensions.WebSocketServerExtensionHandler.channelRead(WebSocketServerExtensionHandler.java:101)
	at io.netty.channel.AbstractChannelHandlerContext.invokeChannelRead(AbstractChannelHandlerContext.java:379)
	at io.netty.channel.AbstractChannelHandlerContext.invokeChannelRead(AbstractChannelHandlerContext.java:365)
	at io.netty.channel.AbstractChannelHandlerContext.fireChannelRead(AbstractChannelHandlerContext.java:357)
	at io.netty.handler.codec.ByteToMessageDecoder.fireChannelRead(ByteToMessageDecoder.java:324)
	at io.netty.handler.codec.ByteToMessageDecoder.channelRead(ByteToMessageDecoder.java:296)
	at io.netty.channel.AbstractChannelHandlerContext.invokeChannelRead(AbstractChannelHandlerContext.java:379)
	at io.netty.channel.AbstractChannelHandlerContext.invokeChannelRead(AbstractChannelHandlerContext.java:365)
	at io.netty.channel.AbstractChannelHandlerContext.fireChannelRead(AbstractChannelHandlerContext.java:357)
	at io.netty.channel.DefaultChannelPipeline$HeadContext.channelRead(DefaultChannelPipeline.java:1410)
	at io.netty.channel.AbstractChannelHandlerContext.invokeChannelRead(AbstractChannelHandlerContext.java:379)
	at io.netty.channel.AbstractChannelHandlerContext.invokeChannelRead(AbstractChannelHandlerContext.java:365)
	at io.netty.channel.DefaultChannelPipeline.fireChannelRead(DefaultChannelPipeline.java:919)
	at io.netty.channel.nio.AbstractNioByteChannel$NioByteUnsafe.read(AbstractNioByteChannel.java:163)
	at io.netty.channel.nio.NioEventLoop.processSelectedKey(NioEventLoop.java:714)
	at io.netty.channel.nio.NioEventLoop.processSelectedKeysOptimized(NioEventLoop.java:650)
	at io.netty.channel.nio.NioEventLoop.processSelectedKeys(NioEventLoop.java:576)
	at io.netty.channel.nio.NioEventLoop.run(NioEventLoop.java:493)
	at io.netty.util.concurrent.SingleThreadEventExecutor$4.run(SingleThreadEventExecutor.java:989)
	at io.netty.util.internal.ThreadExecutorMap$2.run(ThreadExecutorMap.java:74)
	at io.netty.util.concurrent.FastThreadLocalRunnable.run(FastThreadLocalRunnable.java:30)
	at java.lang.Thread.run(Thread.java:748)
Caused by: com.fasterxml.jackson.core.JsonParseException: Unrecognized token 'file_urls': was expecting (JSON String, Number, Array, Object or token 'null', 'true' or 'false')
 at [Source: (StringReader); line: 1, column: 10]
	at com.fasterxml.jackson.core.JsonParser._constructError(JsonParser.java:1840)
	at com.fasterxml.jackson.core.base.ParserMinimalBase._reportError(ParserMinimalBase.java:722)
	at com.fasterxml.jackson.core.json.ReaderBasedJsonParser._reportInvalidToken(ReaderBasedJsonParser.java:2868)
	at com.fasterxml.jackson.core.json.ReaderBasedJsonParser._reportInvalidToken(ReaderBasedJsonParser.java:2846)
	at com.fasterxml.jackson.core.json.ReaderBasedJsonParser._matchToken(ReaderBasedJsonParser.java:2627)
	at com.fasterxml.jackson.core.json.ReaderBasedJsonParser._matchFalse(ReaderBasedJsonParser.java:2595)
	at com.fasterxml.jackson.core.json.ReaderBasedJsonParser.nextToken(ReaderBasedJsonParser.java:745)
	at com.fasterxml.jackson.databind.ObjectMapper._initForReading(ObjectMapper.java:4340)
	at com.fasterxml.jackson.databind.ObjectMapper._readValue(ObjectMapper.java:4160)
	at com.fasterxml.jackson.databind.ObjectMapper.readValue(ObjectMapper.java:2467)
	at io.vertx.core.json.jackson.JacksonCodec.fromParser(JacksonCodec.java:97)
	... 51 common frames omitted
2020-10-15 20:42:49.623|ERROR|com.dimao.pdfprinter.api.DownloadPDFFiles|[vert.x-eventloop-thread-0] c.d.pdfprinter.api.DownloadPDFFiles [DownloadPDFFiles.java : 72] request error: 
io.vertx.core.json.DecodeException: Failed to decode:Unrecognized token 'file_urls': was expecting (JSON String, Number, Array, Object or token 'null', 'true' or 'false')
 at [Source: (StringReader); line: 1, column: 10]
	at io.vertx.core.json.jackson.JacksonCodec.fromParser(JacksonCodec.java:100)
	at io.vertx.core.json.jackson.JacksonCodec.fromString(JacksonCodec.java:58)
	at io.vertx.core.json.JsonObject.fromJson(JsonObject.java:999)
	at io.vertx.core.json.JsonObject.<init>(JsonObject.java:54)
	at com.dimao.pdfprinter.api.DownloadPDFFiles.handle(DownloadPDFFiles.java:28)
	at com.dimao.pdfprinter.api.DownloadPDFFiles.handle(DownloadPDFFiles.java:19)
	at io.vertx.ext.web.impl.RouteState.handleContext(RouteState.java:1036)
	at io.vertx.ext.web.impl.RoutingContextImplBase.iterateNext(RoutingContextImplBase.java:131)
	at io.vertx.ext.web.impl.RoutingContextImpl.next(RoutingContextImpl.java:132)
	at io.vertx.ext.web.handler.impl.CorsHandlerImpl.handle(CorsHandlerImpl.java:147)
	at io.vertx.ext.web.handler.impl.CorsHandlerImpl.handle(CorsHandlerImpl.java:38)
	at io.vertx.ext.web.impl.RouteState.handleContext(RouteState.java:1036)
	at io.vertx.ext.web.impl.RoutingContextImplBase.iterateNext(RoutingContextImplBase.java:131)
	at io.vertx.ext.web.impl.RoutingContextImpl.next(RoutingContextImpl.java:132)
	at io.vertx.ext.web.handler.impl.BodyHandlerImpl$BHandler.doEnd(BodyHandlerImpl.java:296)
	at io.vertx.ext.web.handler.impl.BodyHandlerImpl$BHandler.end(BodyHandlerImpl.java:276)
	at io.vertx.ext.web.handler.impl.BodyHandlerImpl.lambda$handle$0(BodyHandlerImpl.java:87)
	at io.vertx.core.http.impl.HttpServerRequestImpl.onEnd(HttpServerRequestImpl.java:523)
	at io.vertx.core.http.impl.HttpServerRequestImpl.handleEnd(HttpServerRequestImpl.java:509)
	at io.vertx.core.http.impl.Http1xServerConnection.handleEnd(Http1xServerConnection.java:176)
	at io.vertx.core.http.impl.Http1xServerConnection.handleContent(Http1xServerConnection.java:163)
	at io.vertx.core.http.impl.Http1xServerConnection.handleMessage(Http1xServerConnection.java:140)
	at io.vertx.core.impl.ContextImpl.executeTask(ContextImpl.java:366)
	at io.vertx.core.impl.EventLoopContext.execute(EventLoopContext.java:43)
	at io.vertx.core.impl.ContextImpl.executeFromIO(ContextImpl.java:229)
	at io.vertx.core.net.impl.VertxHandler.channelRead(VertxHandler.java:163)
	at io.netty.channel.AbstractChannelHandlerContext.invokeChannelRead(AbstractChannelHandlerContext.java:379)
	at io.netty.channel.AbstractChannelHandlerContext.invokeChannelRead(AbstractChannelHandlerContext.java:365)
	at io.netty.channel.AbstractChannelHandlerContext.fireChannelRead(AbstractChannelHandlerContext.java:357)
	at io.netty.channel.ChannelInboundHandlerAdapter.channelRead(ChannelInboundHandlerAdapter.java:93)
	at io.netty.handler.codec.http.websocketx.extensions.WebSocketServerExtensionHandler.channelRead(WebSocketServerExtensionHandler.java:101)
	at io.netty.channel.AbstractChannelHandlerContext.invokeChannelRead(AbstractChannelHandlerContext.java:379)
	at io.netty.channel.AbstractChannelHandlerContext.invokeChannelRead(AbstractChannelHandlerContext.java:365)
	at io.netty.channel.AbstractChannelHandlerContext.fireChannelRead(AbstractChannelHandlerContext.java:357)
	at io.netty.handler.codec.ByteToMessageDecoder.fireChannelRead(ByteToMessageDecoder.java:324)
	at io.netty.handler.codec.ByteToMessageDecoder.channelRead(ByteToMessageDecoder.java:296)
	at io.netty.channel.AbstractChannelHandlerContext.invokeChannelRead(AbstractChannelHandlerContext.java:379)
	at io.netty.channel.AbstractChannelHandlerContext.invokeChannelRead(AbstractChannelHandlerContext.java:365)
	at io.netty.channel.AbstractChannelHandlerContext.fireChannelRead(AbstractChannelHandlerContext.java:357)
	at io.netty.channel.DefaultChannelPipeline$HeadContext.channelRead(DefaultChannelPipeline.java:1410)
	at io.netty.channel.AbstractChannelHandlerContext.invokeChannelRead(AbstractChannelHandlerContext.java:379)
	at io.netty.channel.AbstractChannelHandlerContext.invokeChannelRead(AbstractChannelHandlerContext.java:365)
	at io.netty.channel.DefaultChannelPipeline.fireChannelRead(DefaultChannelPipeline.java:919)
	at io.netty.channel.nio.AbstractNioByteChannel$NioByteUnsafe.read(AbstractNioByteChannel.java:163)
	at io.netty.channel.nio.NioEventLoop.processSelectedKey(NioEventLoop.java:714)
	at io.netty.channel.nio.NioEventLoop.processSelectedKeysOptimized(NioEventLoop.java:650)
	at io.netty.channel.nio.NioEventLoop.processSelectedKeys(NioEventLoop.java:576)
	at io.netty.channel.nio.NioEventLoop.run(NioEventLoop.java:493)
	at io.netty.util.concurrent.SingleThreadEventExecutor$4.run(SingleThreadEventExecutor.java:989)
	at io.netty.util.internal.ThreadExecutorMap$2.run(ThreadExecutorMap.java:74)
	at io.netty.util.concurrent.FastThreadLocalRunnable.run(FastThreadLocalRunnable.java:30)
	at java.lang.Thread.run(Thread.java:748)
Caused by: com.fasterxml.jackson.core.JsonParseException: Unrecognized token 'file_urls': was expecting (JSON String, Number, Array, Object or token 'null', 'true' or 'false')
 at [Source: (StringReader); line: 1, column: 10]
	at com.fasterxml.jackson.core.JsonParser._constructError(JsonParser.java:1840)
	at com.fasterxml.jackson.core.base.ParserMinimalBase._reportError(ParserMinimalBase.java:722)
	at com.fasterxml.jackson.core.json.ReaderBasedJsonParser._reportInvalidToken(ReaderBasedJsonParser.java:2868)
	at com.fasterxml.jackson.core.json.ReaderBasedJsonParser._reportInvalidToken(ReaderBasedJsonParser.java:2846)
	at com.fasterxml.jackson.core.json.ReaderBasedJsonParser._matchToken(ReaderBasedJsonParser.java:2627)
	at com.fasterxml.jackson.core.json.ReaderBasedJsonParser._matchFalse(ReaderBasedJsonParser.java:2595)
	at com.fasterxml.jackson.core.json.ReaderBasedJsonParser.nextToken(ReaderBasedJsonParser.java:745)
	at com.fasterxml.jackson.databind.ObjectMapper._initForReading(ObjectMapper.java:4340)
	at com.fasterxml.jackson.databind.ObjectMapper._readValue(ObjectMapper.java:4160)
	at com.fasterxml.jackson.databind.ObjectMapper.readValue(ObjectMapper.java:2467)
	at io.vertx.core.json.jackson.JacksonCodec.fromParser(JacksonCodec.java:97)
	... 51 common frames omitted
2020-10-15 20:43:04.355|ERROR|com.dimao.pdfprinter.api.DownloadPDFFiles|[vert.x-eventloop-thread-0] c.d.pdfprinter.api.DownloadPDFFiles [DownloadPDFFiles.java : 72] request error: 
io.vertx.core.json.DecodeException: Failed to decode:Unrecognized token 'file_urls': was expecting (JSON String, Number, Array, Object or token 'null', 'true' or 'false')
 at [Source: (StringReader); line: 1, column: 10]
	at io.vertx.core.json.jackson.JacksonCodec.fromParser(JacksonCodec.java:100)
	at io.vertx.core.json.jackson.JacksonCodec.fromString(JacksonCodec.java:58)
	at io.vertx.core.json.JsonObject.fromJson(JsonObject.java:999)
	at io.vertx.core.json.JsonObject.<init>(JsonObject.java:54)
	at com.dimao.pdfprinter.api.DownloadPDFFiles.handle(DownloadPDFFiles.java:28)
	at com.dimao.pdfprinter.api.DownloadPDFFiles.handle(DownloadPDFFiles.java:19)
	at io.vertx.ext.web.impl.RouteState.handleContext(RouteState.java:1036)
	at io.vertx.ext.web.impl.RoutingContextImplBase.iterateNext(RoutingContextImplBase.java:131)
	at io.vertx.ext.web.impl.RoutingContextImpl.next(RoutingContextImpl.java:132)
	at io.vertx.ext.web.handler.impl.CorsHandlerImpl.handle(CorsHandlerImpl.java:147)
	at io.vertx.ext.web.handler.impl.CorsHandlerImpl.handle(CorsHandlerImpl.java:38)
	at io.vertx.ext.web.impl.RouteState.handleContext(RouteState.java:1036)
	at io.vertx.ext.web.impl.RoutingContextImplBase.iterateNext(RoutingContextImplBase.java:131)
	at io.vertx.ext.web.impl.RoutingContextImpl.next(RoutingContextImpl.java:132)
	at io.vertx.ext.web.handler.impl.BodyHandlerImpl$BHandler.doEnd(BodyHandlerImpl.java:296)
	at io.vertx.ext.web.handler.impl.BodyHandlerImpl$BHandler.end(BodyHandlerImpl.java:276)
	at io.vertx.ext.web.handler.impl.BodyHandlerImpl.lambda$handle$0(BodyHandlerImpl.java:87)
	at io.vertx.core.http.impl.HttpServerRequestImpl.onEnd(HttpServerRequestImpl.java:523)
	at io.vertx.core.http.impl.HttpServerRequestImpl.handleEnd(HttpServerRequestImpl.java:509)
	at io.vertx.core.http.impl.Http1xServerConnection.handleEnd(Http1xServerConnection.java:176)
	at io.vertx.core.http.impl.Http1xServerConnection.handleContent(Http1xServerConnection.java:163)
	at io.vertx.core.http.impl.Http1xServerConnection.handleMessage(Http1xServerConnection.java:140)
	at io.vertx.core.impl.ContextImpl.executeTask(ContextImpl.java:366)
	at io.vertx.core.impl.EventLoopContext.execute(EventLoopContext.java:43)
	at io.vertx.core.impl.ContextImpl.executeFromIO(ContextImpl.java:229)
	at io.vertx.core.net.impl.VertxHandler.channelRead(VertxHandler.java:163)
	at io.netty.channel.AbstractChannelHandlerContext.invokeChannelRead(AbstractChannelHandlerContext.java:379)
	at io.netty.channel.AbstractChannelHandlerContext.invokeChannelRead(AbstractChannelHandlerContext.java:365)
	at io.netty.channel.AbstractChannelHandlerContext.fireChannelRead(AbstractChannelHandlerContext.java:357)
	at io.netty.channel.ChannelInboundHandlerAdapter.channelRead(ChannelInboundHandlerAdapter.java:93)
	at io.netty.handler.codec.http.websocketx.extensions.WebSocketServerExtensionHandler.channelRead(WebSocketServerExtensionHandler.java:101)
	at io.netty.channel.AbstractChannelHandlerContext.invokeChannelRead(AbstractChannelHandlerContext.java:379)
	at io.netty.channel.AbstractChannelHandlerContext.invokeChannelRead(AbstractChannelHandlerContext.java:365)
	at io.netty.channel.AbstractChannelHandlerContext.fireChannelRead(AbstractChannelHandlerContext.java:357)
	at io.netty.handler.codec.ByteToMessageDecoder.fireChannelRead(ByteToMessageDecoder.java:324)
	at io.netty.handler.codec.ByteToMessageDecoder.channelRead(ByteToMessageDecoder.java:296)
	at io.netty.channel.AbstractChannelHandlerContext.invokeChannelRead(AbstractChannelHandlerContext.java:379)
	at io.netty.channel.AbstractChannelHandlerContext.invokeChannelRead(AbstractChannelHandlerContext.java:365)
	at io.netty.channel.AbstractChannelHandlerContext.fireChannelRead(AbstractChannelHandlerContext.java:357)
	at io.netty.channel.DefaultChannelPipeline$HeadContext.channelRead(DefaultChannelPipeline.java:1410)
	at io.netty.channel.AbstractChannelHandlerContext.invokeChannelRead(AbstractChannelHandlerContext.java:379)
	at io.netty.channel.AbstractChannelHandlerContext.invokeChannelRead(AbstractChannelHandlerContext.java:365)
	at io.netty.channel.DefaultChannelPipeline.fireChannelRead(DefaultChannelPipeline.java:919)
	at io.netty.channel.nio.AbstractNioByteChannel$NioByteUnsafe.read(AbstractNioByteChannel.java:163)
	at io.netty.channel.nio.NioEventLoop.processSelectedKey(NioEventLoop.java:714)
	at io.netty.channel.nio.NioEventLoop.processSelectedKeysOptimized(NioEventLoop.java:650)
	at io.netty.channel.nio.NioEventLoop.processSelectedKeys(NioEventLoop.java:576)
	at io.netty.channel.nio.NioEventLoop.run(NioEventLoop.java:493)
	at io.netty.util.concurrent.SingleThreadEventExecutor$4.run(SingleThreadEventExecutor.java:989)
	at io.netty.util.internal.ThreadExecutorMap$2.run(ThreadExecutorMap.java:74)
	at io.netty.util.concurrent.FastThreadLocalRunnable.run(FastThreadLocalRunnable.java:30)
	at java.lang.Thread.run(Thread.java:748)
Caused by: com.fasterxml.jackson.core.JsonParseException: Unrecognized token 'file_urls': was expecting (JSON String, Number, Array, Object or token 'null', 'true' or 'false')
 at [Source: (StringReader); line: 1, column: 10]
	at com.fasterxml.jackson.core.JsonParser._constructError(JsonParser.java:1840)
	at com.fasterxml.jackson.core.base.ParserMinimalBase._reportError(ParserMinimalBase.java:722)
	at com.fasterxml.jackson.core.json.ReaderBasedJsonParser._reportInvalidToken(ReaderBasedJsonParser.java:2868)
	at com.fasterxml.jackson.core.json.ReaderBasedJsonParser._reportInvalidToken(ReaderBasedJsonParser.java:2846)
	at com.fasterxml.jackson.core.json.ReaderBasedJsonParser._matchToken(ReaderBasedJsonParser.java:2627)
	at com.fasterxml.jackson.core.json.ReaderBasedJsonParser._matchFalse(ReaderBasedJsonParser.java:2595)
	at com.fasterxml.jackson.core.json.ReaderBasedJsonParser.nextToken(ReaderBasedJsonParser.java:745)
	at com.fasterxml.jackson.databind.ObjectMapper._initForReading(ObjectMapper.java:4340)
	at com.fasterxml.jackson.databind.ObjectMapper._readValue(ObjectMapper.java:4160)
	at com.fasterxml.jackson.databind.ObjectMapper.readValue(ObjectMapper.java:2467)
	at io.vertx.core.json.jackson.JacksonCodec.fromParser(JacksonCodec.java:97)
	... 51 common frames omitted
2020-10-15 20:43:19.656|ERROR|com.dimao.pdfprinter.api.DownloadPDFFiles|[vert.x-eventloop-thread-0] c.d.pdfprinter.api.DownloadPDFFiles [DownloadPDFFiles.java : 72] request error: 
io.vertx.core.json.DecodeException: Failed to decode:Unrecognized token 'file_urls': was expecting (JSON String, Number, Array, Object or token 'null', 'true' or 'false')
 at [Source: (StringReader); line: 1, column: 10]
	at io.vertx.core.json.jackson.JacksonCodec.fromParser(JacksonCodec.java:100)
	at io.vertx.core.json.jackson.JacksonCodec.fromString(JacksonCodec.java:58)
	at io.vertx.core.json.JsonObject.fromJson(JsonObject.java:999)
	at io.vertx.core.json.JsonObject.<init>(JsonObject.java:54)
	at com.dimao.pdfprinter.api.DownloadPDFFiles.handle(DownloadPDFFiles.java:28)
	at com.dimao.pdfprinter.api.DownloadPDFFiles.handle(DownloadPDFFiles.java:19)
	at io.vertx.ext.web.impl.RouteState.handleContext(RouteState.java:1036)
	at io.vertx.ext.web.impl.RoutingContextImplBase.iterateNext(RoutingContextImplBase.java:131)
	at io.vertx.ext.web.impl.RoutingContextImpl.next(RoutingContextImpl.java:132)
	at io.vertx.ext.web.handler.impl.CorsHandlerImpl.handle(CorsHandlerImpl.java:147)
	at io.vertx.ext.web.handler.impl.CorsHandlerImpl.handle(CorsHandlerImpl.java:38)
	at io.vertx.ext.web.impl.RouteState.handleContext(RouteState.java:1036)
	at io.vertx.ext.web.impl.RoutingContextImplBase.iterateNext(RoutingContextImplBase.java:131)
	at io.vertx.ext.web.impl.RoutingContextImpl.next(RoutingContextImpl.java:132)
	at io.vertx.ext.web.handler.impl.BodyHandlerImpl$BHandler.doEnd(BodyHandlerImpl.java:296)
	at io.vertx.ext.web.handler.impl.BodyHandlerImpl$BHandler.end(BodyHandlerImpl.java:276)
	at io.vertx.ext.web.handler.impl.BodyHandlerImpl.lambda$handle$0(BodyHandlerImpl.java:87)
	at io.vertx.core.http.impl.HttpServerRequestImpl.onEnd(HttpServerRequestImpl.java:523)
	at io.vertx.core.http.impl.HttpServerRequestImpl.handleEnd(HttpServerRequestImpl.java:509)
	at io.vertx.core.http.impl.Http1xServerConnection.handleEnd(Http1xServerConnection.java:176)
	at io.vertx.core.http.impl.Http1xServerConnection.handleContent(Http1xServerConnection.java:163)
	at io.vertx.core.http.impl.Http1xServerConnection.handleMessage(Http1xServerConnection.java:140)
	at io.vertx.core.impl.ContextImpl.executeTask(ContextImpl.java:366)
	at io.vertx.core.impl.EventLoopContext.execute(EventLoopContext.java:43)
	at io.vertx.core.impl.ContextImpl.executeFromIO(ContextImpl.java:229)
	at io.vertx.core.net.impl.VertxHandler.channelRead(VertxHandler.java:163)
	at io.netty.channel.AbstractChannelHandlerContext.invokeChannelRead(AbstractChannelHandlerContext.java:379)
	at io.netty.channel.AbstractChannelHandlerContext.invokeChannelRead(AbstractChannelHandlerContext.java:365)
	at io.netty.channel.AbstractChannelHandlerContext.fireChannelRead(AbstractChannelHandlerContext.java:357)
	at io.netty.channel.ChannelInboundHandlerAdapter.channelRead(ChannelInboundHandlerAdapter.java:93)
	at io.netty.handler.codec.http.websocketx.extensions.WebSocketServerExtensionHandler.channelRead(WebSocketServerExtensionHandler.java:101)
	at io.netty.channel.AbstractChannelHandlerContext.invokeChannelRead(AbstractChannelHandlerContext.java:379)
	at io.netty.channel.AbstractChannelHandlerContext.invokeChannelRead(AbstractChannelHandlerContext.java:365)
	at io.netty.channel.AbstractChannelHandlerContext.fireChannelRead(AbstractChannelHandlerContext.java:357)
	at io.netty.handler.codec.ByteToMessageDecoder.fireChannelRead(ByteToMessageDecoder.java:324)
	at io.netty.handler.codec.ByteToMessageDecoder.channelRead(ByteToMessageDecoder.java:296)
	at io.netty.channel.AbstractChannelHandlerContext.invokeChannelRead(AbstractChannelHandlerContext.java:379)
	at io.netty.channel.AbstractChannelHandlerContext.invokeChannelRead(AbstractChannelHandlerContext.java:365)
	at io.netty.channel.AbstractChannelHandlerContext.fireChannelRead(AbstractChannelHandlerContext.java:357)
	at io.netty.channel.DefaultChannelPipeline$HeadContext.channelRead(DefaultChannelPipeline.java:1410)
	at io.netty.channel.AbstractChannelHandlerContext.invokeChannelRead(AbstractChannelHandlerContext.java:379)
	at io.netty.channel.AbstractChannelHandlerContext.invokeChannelRead(AbstractChannelHandlerContext.java:365)
	at io.netty.channel.DefaultChannelPipeline.fireChannelRead(DefaultChannelPipeline.java:919)
	at io.netty.channel.nio.AbstractNioByteChannel$NioByteUnsafe.read(AbstractNioByteChannel.java:163)
	at io.netty.channel.nio.NioEventLoop.processSelectedKey(NioEventLoop.java:714)
	at io.netty.channel.nio.NioEventLoop.processSelectedKeysOptimized(NioEventLoop.java:650)
	at io.netty.channel.nio.NioEventLoop.processSelectedKeys(NioEventLoop.java:576)
	at io.netty.channel.nio.NioEventLoop.run(NioEventLoop.java:493)
	at io.netty.util.concurrent.SingleThreadEventExecutor$4.run(SingleThreadEventExecutor.java:989)
	at io.netty.util.internal.ThreadExecutorMap$2.run(ThreadExecutorMap.java:74)
	at io.netty.util.concurrent.FastThreadLocalRunnable.run(FastThreadLocalRunnable.java:30)
	at java.lang.Thread.run(Thread.java:748)
Caused by: com.fasterxml.jackson.core.JsonParseException: Unrecognized token 'file_urls': was expecting (JSON String, Number, Array, Object or token 'null', 'true' or 'false')
 at [Source: (StringReader); line: 1, column: 10]
	at com.fasterxml.jackson.core.JsonParser._constructError(JsonParser.java:1840)
	at com.fasterxml.jackson.core.base.ParserMinimalBase._reportError(ParserMinimalBase.java:722)
	at com.fasterxml.jackson.core.json.ReaderBasedJsonParser._reportInvalidToken(ReaderBasedJsonParser.java:2868)
	at com.fasterxml.jackson.core.json.ReaderBasedJsonParser._reportInvalidToken(ReaderBasedJsonParser.java:2846)
	at com.fasterxml.jackson.core.json.ReaderBasedJsonParser._matchToken(ReaderBasedJsonParser.java:2627)
	at com.fasterxml.jackson.core.json.ReaderBasedJsonParser._matchFalse(ReaderBasedJsonParser.java:2595)
	at com.fasterxml.jackson.core.json.ReaderBasedJsonParser.nextToken(ReaderBasedJsonParser.java:745)
	at com.fasterxml.jackson.databind.ObjectMapper._initForReading(ObjectMapper.java:4340)
	at com.fasterxml.jackson.databind.ObjectMapper._readValue(ObjectMapper.java:4160)
	at com.fasterxml.jackson.databind.ObjectMapper.readValue(ObjectMapper.java:2467)
	at io.vertx.core.json.jackson.JacksonCodec.fromParser(JacksonCodec.java:97)
	... 51 common frames omitted
2020-10-15 20:48:51.223|ERROR|com.dimao.pdfprinter.api.DownloadPDFFiles|[vert.x-eventloop-thread-0] c.d.pdfprinter.api.DownloadPDFFiles [DownloadPDFFiles.java : 72] request error: 
io.vertx.core.json.DecodeException: Failed to decode:No content to map due to end-of-input
 at [Source: (String)""; line: 1, column: 0]
	at io.vertx.core.json.jackson.JacksonCodec.fromParser(JacksonCodec.java:100)
	at io.vertx.core.json.jackson.JacksonCodec.fromString(JacksonCodec.java:58)
	at io.vertx.core.json.JsonObject.fromJson(JsonObject.java:999)
	at io.vertx.core.json.JsonObject.<init>(JsonObject.java:54)
	at com.dimao.pdfprinter.api.DownloadPDFFiles.handle(DownloadPDFFiles.java:28)
	at com.dimao.pdfprinter.api.DownloadPDFFiles.handle(DownloadPDFFiles.java:19)
	at io.vertx.ext.web.impl.RouteState.handleContext(RouteState.java:1036)
	at io.vertx.ext.web.impl.RoutingContextImplBase.iterateNext(RoutingContextImplBase.java:131)
	at io.vertx.ext.web.impl.RoutingContextImpl.next(RoutingContextImpl.java:132)
	at io.vertx.ext.web.handler.impl.CorsHandlerImpl.handle(CorsHandlerImpl.java:147)
	at io.vertx.ext.web.handler.impl.CorsHandlerImpl.handle(CorsHandlerImpl.java:38)
	at io.vertx.ext.web.impl.RouteState.handleContext(RouteState.java:1036)
	at io.vertx.ext.web.impl.RoutingContextImplBase.iterateNext(RoutingContextImplBase.java:131)
	at io.vertx.ext.web.impl.RoutingContextImpl.next(RoutingContextImpl.java:132)
	at io.vertx.ext.web.handler.impl.BodyHandlerImpl$BHandler.doEnd(BodyHandlerImpl.java:296)
	at io.vertx.ext.web.handler.impl.BodyHandlerImpl$BHandler.end(BodyHandlerImpl.java:276)
	at io.vertx.ext.web.handler.impl.BodyHandlerImpl.lambda$handle$0(BodyHandlerImpl.java:87)
	at io.vertx.core.http.impl.HttpServerRequestImpl.onEnd(HttpServerRequestImpl.java:523)
	at io.vertx.core.http.impl.HttpServerRequestImpl.handleEnd(HttpServerRequestImpl.java:509)
	at io.vertx.core.http.impl.Http1xServerConnection.handleEnd(Http1xServerConnection.java:176)
	at io.vertx.core.http.impl.Http1xServerConnection.handleMessage(Http1xServerConnection.java:138)
	at io.vertx.core.impl.ContextImpl.executeTask(ContextImpl.java:366)
	at io.vertx.core.impl.EventLoopContext.execute(EventLoopContext.java:43)
	at io.vertx.core.impl.ContextImpl.executeFromIO(ContextImpl.java:229)
	at io.vertx.core.net.impl.VertxHandler.channelRead(VertxHandler.java:163)
	at io.netty.channel.AbstractChannelHandlerContext.invokeChannelRead(AbstractChannelHandlerContext.java:379)
	at io.netty.channel.AbstractChannelHandlerContext.invokeChannelRead(AbstractChannelHandlerContext.java:365)
	at io.netty.channel.AbstractChannelHandlerContext.fireChannelRead(AbstractChannelHandlerContext.java:357)
	at io.netty.channel.ChannelInboundHandlerAdapter.channelRead(ChannelInboundHandlerAdapter.java:93)
	at io.netty.handler.codec.http.websocketx.extensions.WebSocketServerExtensionHandler.channelRead(WebSocketServerExtensionHandler.java:101)
	at io.netty.channel.AbstractChannelHandlerContext.invokeChannelRead(AbstractChannelHandlerContext.java:379)
	at io.netty.channel.AbstractChannelHandlerContext.invokeChannelRead(AbstractChannelHandlerContext.java:365)
	at io.netty.channel.AbstractChannelHandlerContext.fireChannelRead(AbstractChannelHandlerContext.java:357)
	at io.netty.handler.codec.ByteToMessageDecoder.fireChannelRead(ByteToMessageDecoder.java:324)
	at io.netty.handler.codec.ByteToMessageDecoder.channelRead(ByteToMessageDecoder.java:296)
	at io.netty.channel.AbstractChannelHandlerContext.invokeChannelRead(AbstractChannelHandlerContext.java:379)
	at io.netty.channel.AbstractChannelHandlerContext.invokeChannelRead(AbstractChannelHandlerContext.java:365)
	at io.netty.channel.AbstractChannelHandlerContext.fireChannelRead(AbstractChannelHandlerContext.java:357)
	at io.netty.channel.DefaultChannelPipeline$HeadContext.channelRead(DefaultChannelPipeline.java:1410)
	at io.netty.channel.AbstractChannelHandlerContext.invokeChannelRead(AbstractChannelHandlerContext.java:379)
	at io.netty.channel.AbstractChannelHandlerContext.invokeChannelRead(AbstractChannelHandlerContext.java:365)
	at io.netty.channel.DefaultChannelPipeline.fireChannelRead(DefaultChannelPipeline.java:919)
	at io.netty.channel.nio.AbstractNioByteChannel$NioByteUnsafe.read(AbstractNioByteChannel.java:163)
	at io.netty.channel.nio.NioEventLoop.processSelectedKey(NioEventLoop.java:714)
	at io.netty.channel.nio.NioEventLoop.processSelectedKeysOptimized(NioEventLoop.java:650)
	at io.netty.channel.nio.NioEventLoop.processSelectedKeys(NioEventLoop.java:576)
	at io.netty.channel.nio.NioEventLoop.run(NioEventLoop.java:493)
	at io.netty.util.concurrent.SingleThreadEventExecutor$4.run(SingleThreadEventExecutor.java:989)
	at io.netty.util.internal.ThreadExecutorMap$2.run(ThreadExecutorMap.java:74)
	at io.netty.util.concurrent.FastThreadLocalRunnable.run(FastThreadLocalRunnable.java:30)
	at java.lang.Thread.run(Thread.java:748)
Caused by: com.fasterxml.jackson.databind.exc.MismatchedInputException: No content to map due to end-of-input
 at [Source: (String)""; line: 1, column: 0]
	at com.fasterxml.jackson.databind.exc.MismatchedInputException.from(MismatchedInputException.java:59)
	at com.fasterxml.jackson.databind.ObjectMapper._initForReading(ObjectMapper.java:4344)
	at com.fasterxml.jackson.databind.ObjectMapper._readValue(ObjectMapper.java:4160)
	at com.fasterxml.jackson.databind.ObjectMapper.readValue(ObjectMapper.java:2467)
	at io.vertx.core.json.jackson.JacksonCodec.fromParser(JacksonCodec.java:97)
	... 50 common frames omitted
2020-10-15 20:49:16.844|ERROR|com.dimao.pdfprinter.api.DownloadPDFFiles|[vert.x-eventloop-thread-0] c.d.pdfprinter.api.DownloadPDFFiles [DownloadPDFFiles.java : 72] request error: 
io.vertx.core.json.DecodeException: Failed to decode:No content to map due to end-of-input
 at [Source: (String)""; line: 1, column: 0]
	at io.vertx.core.json.jackson.JacksonCodec.fromParser(JacksonCodec.java:100)
	at io.vertx.core.json.jackson.JacksonCodec.fromString(JacksonCodec.java:58)
	at io.vertx.core.json.JsonObject.fromJson(JsonObject.java:999)
	at io.vertx.core.json.JsonObject.<init>(JsonObject.java:54)
	at com.dimao.pdfprinter.api.DownloadPDFFiles.handle(DownloadPDFFiles.java:28)
	at com.dimao.pdfprinter.api.DownloadPDFFiles.handle(DownloadPDFFiles.java:19)
	at io.vertx.ext.web.impl.RouteState.handleContext(RouteState.java:1036)
	at io.vertx.ext.web.impl.RoutingContextImplBase.iterateNext(RoutingContextImplBase.java:131)
	at io.vertx.ext.web.impl.RoutingContextImpl.next(RoutingContextImpl.java:132)
	at io.vertx.ext.web.handler.impl.CorsHandlerImpl.handle(CorsHandlerImpl.java:147)
	at io.vertx.ext.web.handler.impl.CorsHandlerImpl.handle(CorsHandlerImpl.java:38)
	at io.vertx.ext.web.impl.RouteState.handleContext(RouteState.java:1036)
	at io.vertx.ext.web.impl.RoutingContextImplBase.iterateNext(RoutingContextImplBase.java:131)
	at io.vertx.ext.web.impl.RoutingContextImpl.next(RoutingContextImpl.java:132)
	at io.vertx.ext.web.handler.impl.BodyHandlerImpl$BHandler.doEnd(BodyHandlerImpl.java:296)
	at io.vertx.ext.web.handler.impl.BodyHandlerImpl$BHandler.end(BodyHandlerImpl.java:276)
	at io.vertx.ext.web.handler.impl.BodyHandlerImpl.lambda$handle$0(BodyHandlerImpl.java:87)
	at io.vertx.core.http.impl.HttpServerRequestImpl.onEnd(HttpServerRequestImpl.java:523)
	at io.vertx.core.http.impl.HttpServerRequestImpl.handleEnd(HttpServerRequestImpl.java:509)
	at io.vertx.core.http.impl.Http1xServerConnection.handleEnd(Http1xServerConnection.java:176)
	at io.vertx.core.http.impl.Http1xServerConnection.handleMessage(Http1xServerConnection.java:138)
	at io.vertx.core.impl.ContextImpl.executeTask(ContextImpl.java:366)
	at io.vertx.core.impl.EventLoopContext.execute(EventLoopContext.java:43)
	at io.vertx.core.impl.ContextImpl.executeFromIO(ContextImpl.java:229)
	at io.vertx.core.net.impl.VertxHandler.channelRead(VertxHandler.java:163)
	at io.netty.channel.AbstractChannelHandlerContext.invokeChannelRead(AbstractChannelHandlerContext.java:379)
	at io.netty.channel.AbstractChannelHandlerContext.invokeChannelRead(AbstractChannelHandlerContext.java:365)
	at io.netty.channel.AbstractChannelHandlerContext.fireChannelRead(AbstractChannelHandlerContext.java:357)
	at io.netty.channel.ChannelInboundHandlerAdapter.channelRead(ChannelInboundHandlerAdapter.java:93)
	at io.netty.handler.codec.http.websocketx.extensions.WebSocketServerExtensionHandler.channelRead(WebSocketServerExtensionHandler.java:101)
	at io.netty.channel.AbstractChannelHandlerContext.invokeChannelRead(AbstractChannelHandlerContext.java:379)
	at io.netty.channel.AbstractChannelHandlerContext.invokeChannelRead(AbstractChannelHandlerContext.java:365)
	at io.netty.channel.AbstractChannelHandlerContext.fireChannelRead(AbstractChannelHandlerContext.java:357)
	at io.netty.handler.codec.ByteToMessageDecoder.fireChannelRead(ByteToMessageDecoder.java:324)
	at io.netty.handler.codec.ByteToMessageDecoder.channelRead(ByteToMessageDecoder.java:296)
	at io.netty.channel.AbstractChannelHandlerContext.invokeChannelRead(AbstractChannelHandlerContext.java:379)
	at io.netty.channel.AbstractChannelHandlerContext.invokeChannelRead(AbstractChannelHandlerContext.java:365)
	at io.netty.channel.AbstractChannelHandlerContext.fireChannelRead(AbstractChannelHandlerContext.java:357)
	at io.netty.channel.DefaultChannelPipeline$HeadContext.channelRead(DefaultChannelPipeline.java:1410)
	at io.netty.channel.AbstractChannelHandlerContext.invokeChannelRead(AbstractChannelHandlerContext.java:379)
	at io.netty.channel.AbstractChannelHandlerContext.invokeChannelRead(AbstractChannelHandlerContext.java:365)
	at io.netty.channel.DefaultChannelPipeline.fireChannelRead(DefaultChannelPipeline.java:919)
	at io.netty.channel.nio.AbstractNioByteChannel$NioByteUnsafe.read(AbstractNioByteChannel.java:163)
	at io.netty.channel.nio.NioEventLoop.processSelectedKey(NioEventLoop.java:714)
	at io.netty.channel.nio.NioEventLoop.processSelectedKeysOptimized(NioEventLoop.java:650)
	at io.netty.channel.nio.NioEventLoop.processSelectedKeys(NioEventLoop.java:576)
	at io.netty.channel.nio.NioEventLoop.run(NioEventLoop.java:493)
	at io.netty.util.concurrent.SingleThreadEventExecutor$4.run(SingleThreadEventExecutor.java:989)
	at io.netty.util.internal.ThreadExecutorMap$2.run(ThreadExecutorMap.java:74)
	at io.netty.util.concurrent.FastThreadLocalRunnable.run(FastThreadLocalRunnable.java:30)
	at java.lang.Thread.run(Thread.java:748)
Caused by: com.fasterxml.jackson.databind.exc.MismatchedInputException: No content to map due to end-of-input
 at [Source: (String)""; line: 1, column: 0]
	at com.fasterxml.jackson.databind.exc.MismatchedInputException.from(MismatchedInputException.java:59)
	at com.fasterxml.jackson.databind.ObjectMapper._initForReading(ObjectMapper.java:4344)
	at com.fasterxml.jackson.databind.ObjectMapper._readValue(ObjectMapper.java:4160)
	at com.fasterxml.jackson.databind.ObjectMapper.readValue(ObjectMapper.java:2467)
	at io.vertx.core.json.jackson.JacksonCodec.fromParser(JacksonCodec.java:97)
	... 50 common frames omitted
2020-10-15 20:49:36.568|ERROR|com.dimao.pdfprinter.api.DownloadPDFFiles|[vert.x-eventloop-thread-0] c.d.pdfprinter.api.DownloadPDFFiles [DownloadPDFFiles.java : 72] request error: 
io.vertx.core.json.DecodeException: Failed to decode:Unrecognized token 'file_urls': was expecting (JSON String, Number, Array, Object or token 'null', 'true' or 'false')
 at [Source: (StringReader); line: 1, column: 10]
	at io.vertx.core.json.jackson.JacksonCodec.fromParser(JacksonCodec.java:100)
	at io.vertx.core.json.jackson.JacksonCodec.fromString(JacksonCodec.java:58)
	at io.vertx.core.json.JsonObject.fromJson(JsonObject.java:999)
	at io.vertx.core.json.JsonObject.<init>(JsonObject.java:54)
	at com.dimao.pdfprinter.api.DownloadPDFFiles.handle(DownloadPDFFiles.java:28)
	at com.dimao.pdfprinter.api.DownloadPDFFiles.handle(DownloadPDFFiles.java:19)
	at io.vertx.ext.web.impl.RouteState.handleContext(RouteState.java:1036)
	at io.vertx.ext.web.impl.RoutingContextImplBase.iterateNext(RoutingContextImplBase.java:131)
	at io.vertx.ext.web.impl.RoutingContextImpl.next(RoutingContextImpl.java:132)
	at io.vertx.ext.web.handler.impl.CorsHandlerImpl.handle(CorsHandlerImpl.java:147)
	at io.vertx.ext.web.handler.impl.CorsHandlerImpl.handle(CorsHandlerImpl.java:38)
	at io.vertx.ext.web.impl.RouteState.handleContext(RouteState.java:1036)
	at io.vertx.ext.web.impl.RoutingContextImplBase.iterateNext(RoutingContextImplBase.java:131)
	at io.vertx.ext.web.impl.RoutingContextImpl.next(RoutingContextImpl.java:132)
	at io.vertx.ext.web.handler.impl.BodyHandlerImpl$BHandler.doEnd(BodyHandlerImpl.java:296)
	at io.vertx.ext.web.handler.impl.BodyHandlerImpl$BHandler.end(BodyHandlerImpl.java:276)
	at io.vertx.ext.web.handler.impl.BodyHandlerImpl.lambda$handle$0(BodyHandlerImpl.java:87)
	at io.vertx.core.http.impl.HttpServerRequestImpl.onEnd(HttpServerRequestImpl.java:523)
	at io.vertx.core.http.impl.HttpServerRequestImpl.handleEnd(HttpServerRequestImpl.java:509)
	at io.vertx.core.http.impl.Http1xServerConnection.handleEnd(Http1xServerConnection.java:176)
	at io.vertx.core.http.impl.Http1xServerConnection.handleContent(Http1xServerConnection.java:163)
	at io.vertx.core.http.impl.Http1xServerConnection.handleMessage(Http1xServerConnection.java:140)
	at io.vertx.core.impl.ContextImpl.executeTask(ContextImpl.java:366)
	at io.vertx.core.impl.EventLoopContext.execute(EventLoopContext.java:43)
	at io.vertx.core.impl.ContextImpl.executeFromIO(ContextImpl.java:229)
	at io.vertx.core.net.impl.VertxHandler.channelRead(VertxHandler.java:163)
	at io.netty.channel.AbstractChannelHandlerContext.invokeChannelRead(AbstractChannelHandlerContext.java:379)
	at io.netty.channel.AbstractChannelHandlerContext.invokeChannelRead(AbstractChannelHandlerContext.java:365)
	at io.netty.channel.AbstractChannelHandlerContext.fireChannelRead(AbstractChannelHandlerContext.java:357)
	at io.netty.channel.ChannelInboundHandlerAdapter.channelRead(ChannelInboundHandlerAdapter.java:93)
	at io.netty.handler.codec.http.websocketx.extensions.WebSocketServerExtensionHandler.channelRead(WebSocketServerExtensionHandler.java:101)
	at io.netty.channel.AbstractChannelHandlerContext.invokeChannelRead(AbstractChannelHandlerContext.java:379)
	at io.netty.channel.AbstractChannelHandlerContext.invokeChannelRead(AbstractChannelHandlerContext.java:365)
	at io.netty.channel.AbstractChannelHandlerContext.fireChannelRead(AbstractChannelHandlerContext.java:357)
	at io.netty.handler.codec.ByteToMessageDecoder.fireChannelRead(ByteToMessageDecoder.java:324)
	at io.netty.handler.codec.ByteToMessageDecoder.channelRead(ByteToMessageDecoder.java:296)
	at io.netty.channel.AbstractChannelHandlerContext.invokeChannelRead(AbstractChannelHandlerContext.java:379)
	at io.netty.channel.AbstractChannelHandlerContext.invokeChannelRead(AbstractChannelHandlerContext.java:365)
	at io.netty.channel.AbstractChannelHandlerContext.fireChannelRead(AbstractChannelHandlerContext.java:357)
	at io.netty.channel.DefaultChannelPipeline$HeadContext.channelRead(DefaultChannelPipeline.java:1410)
	at io.netty.channel.AbstractChannelHandlerContext.invokeChannelRead(AbstractChannelHandlerContext.java:379)
	at io.netty.channel.AbstractChannelHandlerContext.invokeChannelRead(AbstractChannelHandlerContext.java:365)
	at io.netty.channel.DefaultChannelPipeline.fireChannelRead(DefaultChannelPipeline.java:919)
	at io.netty.channel.nio.AbstractNioByteChannel$NioByteUnsafe.read(AbstractNioByteChannel.java:163)
	at io.netty.channel.nio.NioEventLoop.processSelectedKey(NioEventLoop.java:714)
	at io.netty.channel.nio.NioEventLoop.processSelectedKeysOptimized(NioEventLoop.java:650)
	at io.netty.channel.nio.NioEventLoop.processSelectedKeys(NioEventLoop.java:576)
	at io.netty.channel.nio.NioEventLoop.run(NioEventLoop.java:493)
	at io.netty.util.concurrent.SingleThreadEventExecutor$4.run(SingleThreadEventExecutor.java:989)
	at io.netty.util.internal.ThreadExecutorMap$2.run(ThreadExecutorMap.java:74)
	at io.netty.util.concurrent.FastThreadLocalRunnable.run(FastThreadLocalRunnable.java:30)
	at java.lang.Thread.run(Thread.java:748)
Caused by: com.fasterxml.jackson.core.JsonParseException: Unrecognized token 'file_urls': was expecting (JSON String, Number, Array, Object or token 'null', 'true' or 'false')
 at [Source: (StringReader); line: 1, column: 10]
	at com.fasterxml.jackson.core.JsonParser._constructError(JsonParser.java:1840)
	at com.fasterxml.jackson.core.base.ParserMinimalBase._reportError(ParserMinimalBase.java:722)
	at com.fasterxml.jackson.core.json.ReaderBasedJsonParser._reportInvalidToken(ReaderBasedJsonParser.java:2868)
	at com.fasterxml.jackson.core.json.ReaderBasedJsonParser._reportInvalidToken(ReaderBasedJsonParser.java:2846)
	at com.fasterxml.jackson.core.json.ReaderBasedJsonParser._matchToken(ReaderBasedJsonParser.java:2627)
	at com.fasterxml.jackson.core.json.ReaderBasedJsonParser._matchFalse(ReaderBasedJsonParser.java:2595)
	at com.fasterxml.jackson.core.json.ReaderBasedJsonParser.nextToken(ReaderBasedJsonParser.java:745)
	at com.fasterxml.jackson.databind.ObjectMapper._initForReading(ObjectMapper.java:4340)
	at com.fasterxml.jackson.databind.ObjectMapper._readValue(ObjectMapper.java:4160)
	at com.fasterxml.jackson.databind.ObjectMapper.readValue(ObjectMapper.java:2467)
	at io.vertx.core.json.jackson.JacksonCodec.fromParser(JacksonCodec.java:97)
	... 51 common frames omitted
2020-10-15 20:50:28.856|ERROR|com.dimao.pdfprinter.api.DownloadPDFFiles|[vert.x-eventloop-thread-0] c.d.pdfprinter.api.DownloadPDFFiles [DownloadPDFFiles.java : 72] request error: 
io.vertx.core.json.DecodeException: Failed to decode:No content to map due to end-of-input
 at [Source: (String)""; line: 1, column: 0]
	at io.vertx.core.json.jackson.JacksonCodec.fromParser(JacksonCodec.java:100)
	at io.vertx.core.json.jackson.JacksonCodec.fromString(JacksonCodec.java:58)
	at io.vertx.core.json.JsonObject.fromJson(JsonObject.java:999)
	at io.vertx.core.json.JsonObject.<init>(JsonObject.java:54)
	at com.dimao.pdfprinter.api.DownloadPDFFiles.handle(DownloadPDFFiles.java:28)
	at com.dimao.pdfprinter.api.DownloadPDFFiles.handle(DownloadPDFFiles.java:19)
	at io.vertx.ext.web.impl.RouteState.handleContext(RouteState.java:1036)
	at io.vertx.ext.web.impl.RoutingContextImplBase.iterateNext(RoutingContextImplBase.java:131)
	at io.vertx.ext.web.impl.RoutingContextImpl.next(RoutingContextImpl.java:132)
	at io.vertx.ext.web.handler.impl.CorsHandlerImpl.handle(CorsHandlerImpl.java:147)
	at io.vertx.ext.web.handler.impl.CorsHandlerImpl.handle(CorsHandlerImpl.java:38)
	at io.vertx.ext.web.impl.RouteState.handleContext(RouteState.java:1036)
	at io.vertx.ext.web.impl.RoutingContextImplBase.iterateNext(RoutingContextImplBase.java:131)
	at io.vertx.ext.web.impl.RoutingContextImpl.next(RoutingContextImpl.java:132)
	at io.vertx.ext.web.handler.impl.BodyHandlerImpl$BHandler.doEnd(BodyHandlerImpl.java:296)
	at io.vertx.ext.web.handler.impl.BodyHandlerImpl$BHandler.end(BodyHandlerImpl.java:276)
	at io.vertx.ext.web.handler.impl.BodyHandlerImpl.lambda$handle$0(BodyHandlerImpl.java:87)
	at io.vertx.core.http.impl.HttpServerRequestImpl.onEnd(HttpServerRequestImpl.java:523)
	at io.vertx.core.http.impl.HttpServerRequestImpl.handleEnd(HttpServerRequestImpl.java:509)
	at io.vertx.core.http.impl.Http1xServerConnection.handleEnd(Http1xServerConnection.java:176)
	at io.vertx.core.http.impl.Http1xServerConnection.handleMessage(Http1xServerConnection.java:138)
	at io.vertx.core.impl.ContextImpl.executeTask(ContextImpl.java:366)
	at io.vertx.core.impl.EventLoopContext.execute(EventLoopContext.java:43)
	at io.vertx.core.impl.ContextImpl.executeFromIO(ContextImpl.java:229)
	at io.vertx.core.net.impl.VertxHandler.channelRead(VertxHandler.java:163)
	at io.netty.channel.AbstractChannelHandlerContext.invokeChannelRead(AbstractChannelHandlerContext.java:379)
	at io.netty.channel.AbstractChannelHandlerContext.invokeChannelRead(AbstractChannelHandlerContext.java:365)
	at io.netty.channel.AbstractChannelHandlerContext.fireChannelRead(AbstractChannelHandlerContext.java:357)
	at io.netty.channel.ChannelInboundHandlerAdapter.channelRead(ChannelInboundHandlerAdapter.java:93)
	at io.netty.handler.codec.http.websocketx.extensions.WebSocketServerExtensionHandler.channelRead(WebSocketServerExtensionHandler.java:101)
	at io.netty.channel.AbstractChannelHandlerContext.invokeChannelRead(AbstractChannelHandlerContext.java:379)
	at io.netty.channel.AbstractChannelHandlerContext.invokeChannelRead(AbstractChannelHandlerContext.java:365)
	at io.netty.channel.AbstractChannelHandlerContext.fireChannelRead(AbstractChannelHandlerContext.java:357)
	at io.netty.handler.codec.ByteToMessageDecoder.fireChannelRead(ByteToMessageDecoder.java:324)
	at io.netty.handler.codec.ByteToMessageDecoder.channelRead(ByteToMessageDecoder.java:296)
	at io.netty.channel.AbstractChannelHandlerContext.invokeChannelRead(AbstractChannelHandlerContext.java:379)
	at io.netty.channel.AbstractChannelHandlerContext.invokeChannelRead(AbstractChannelHandlerContext.java:365)
	at io.netty.channel.AbstractChannelHandlerContext.fireChannelRead(AbstractChannelHandlerContext.java:357)
	at io.netty.channel.DefaultChannelPipeline$HeadContext.channelRead(DefaultChannelPipeline.java:1410)
	at io.netty.channel.AbstractChannelHandlerContext.invokeChannelRead(AbstractChannelHandlerContext.java:379)
	at io.netty.channel.AbstractChannelHandlerContext.invokeChannelRead(AbstractChannelHandlerContext.java:365)
	at io.netty.channel.DefaultChannelPipeline.fireChannelRead(DefaultChannelPipeline.java:919)
	at io.netty.channel.nio.AbstractNioByteChannel$NioByteUnsafe.read(AbstractNioByteChannel.java:163)
	at io.netty.channel.nio.NioEventLoop.processSelectedKey(NioEventLoop.java:714)
	at io.netty.channel.nio.NioEventLoop.processSelectedKeysOptimized(NioEventLoop.java:650)
	at io.netty.channel.nio.NioEventLoop.processSelectedKeys(NioEventLoop.java:576)
	at io.netty.channel.nio.NioEventLoop.run(NioEventLoop.java:493)
	at io.netty.util.concurrent.SingleThreadEventExecutor$4.run(SingleThreadEventExecutor.java:989)
	at io.netty.util.internal.ThreadExecutorMap$2.run(ThreadExecutorMap.java:74)
	at io.netty.util.concurrent.FastThreadLocalRunnable.run(FastThreadLocalRunnable.java:30)
	at java.lang.Thread.run(Thread.java:748)
Caused by: com.fasterxml.jackson.databind.exc.MismatchedInputException: No content to map due to end-of-input
 at [Source: (String)""; line: 1, column: 0]
	at com.fasterxml.jackson.databind.exc.MismatchedInputException.from(MismatchedInputException.java:59)
	at com.fasterxml.jackson.databind.ObjectMapper._initForReading(ObjectMapper.java:4344)
	at com.fasterxml.jackson.databind.ObjectMapper._readValue(ObjectMapper.java:4160)
	at com.fasterxml.jackson.databind.ObjectMapper.readValue(ObjectMapper.java:2467)
	at io.vertx.core.json.jackson.JacksonCodec.fromParser(JacksonCodec.java:97)
	... 50 common frames omitted
2020-10-15 20:50:44.593|ERROR|com.dimao.pdfprinter.api.DownloadPDFFiles|[vert.x-eventloop-thread-0] c.d.pdfprinter.api.DownloadPDFFiles [DownloadPDFFiles.java : 72] request error: 
io.vertx.core.json.DecodeException: Failed to decode:Unrecognized token 'file_urls': was expecting (JSON String, Number, Array, Object or token 'null', 'true' or 'false')
 at [Source: (StringReader); line: 1, column: 10]
	at io.vertx.core.json.jackson.JacksonCodec.fromParser(JacksonCodec.java:100)
	at io.vertx.core.json.jackson.JacksonCodec.fromString(JacksonCodec.java:58)
	at io.vertx.core.json.JsonObject.fromJson(JsonObject.java:999)
	at io.vertx.core.json.JsonObject.<init>(JsonObject.java:54)
	at com.dimao.pdfprinter.api.DownloadPDFFiles.handle(DownloadPDFFiles.java:28)
	at com.dimao.pdfprinter.api.DownloadPDFFiles.handle(DownloadPDFFiles.java:19)
	at io.vertx.ext.web.impl.RouteState.handleContext(RouteState.java:1036)
	at io.vertx.ext.web.impl.RoutingContextImplBase.iterateNext(RoutingContextImplBase.java:131)
	at io.vertx.ext.web.impl.RoutingContextImpl.next(RoutingContextImpl.java:132)
	at io.vertx.ext.web.handler.impl.CorsHandlerImpl.handle(CorsHandlerImpl.java:147)
	at io.vertx.ext.web.handler.impl.CorsHandlerImpl.handle(CorsHandlerImpl.java:38)
	at io.vertx.ext.web.impl.RouteState.handleContext(RouteState.java:1036)
	at io.vertx.ext.web.impl.RoutingContextImplBase.iterateNext(RoutingContextImplBase.java:131)
	at io.vertx.ext.web.impl.RoutingContextImpl.next(RoutingContextImpl.java:132)
	at io.vertx.ext.web.handler.impl.BodyHandlerImpl$BHandler.doEnd(BodyHandlerImpl.java:296)
	at io.vertx.ext.web.handler.impl.BodyHandlerImpl$BHandler.end(BodyHandlerImpl.java:276)
	at io.vertx.ext.web.handler.impl.BodyHandlerImpl.lambda$handle$0(BodyHandlerImpl.java:87)
	at io.vertx.core.http.impl.HttpServerRequestImpl.onEnd(HttpServerRequestImpl.java:523)
	at io.vertx.core.http.impl.HttpServerRequestImpl.handleEnd(HttpServerRequestImpl.java:509)
	at io.vertx.core.http.impl.Http1xServerConnection.handleEnd(Http1xServerConnection.java:176)
	at io.vertx.core.http.impl.Http1xServerConnection.handleContent(Http1xServerConnection.java:163)
	at io.vertx.core.http.impl.Http1xServerConnection.handleMessage(Http1xServerConnection.java:140)
	at io.vertx.core.impl.ContextImpl.executeTask(ContextImpl.java:366)
	at io.vertx.core.impl.EventLoopContext.execute(EventLoopContext.java:43)
	at io.vertx.core.impl.ContextImpl.executeFromIO(ContextImpl.java:229)
	at io.vertx.core.net.impl.VertxHandler.channelRead(VertxHandler.java:163)
	at io.netty.channel.AbstractChannelHandlerContext.invokeChannelRead(AbstractChannelHandlerContext.java:379)
	at io.netty.channel.AbstractChannelHandlerContext.invokeChannelRead(AbstractChannelHandlerContext.java:365)
	at io.netty.channel.AbstractChannelHandlerContext.fireChannelRead(AbstractChannelHandlerContext.java:357)
	at io.netty.channel.ChannelInboundHandlerAdapter.channelRead(ChannelInboundHandlerAdapter.java:93)
	at io.netty.handler.codec.http.websocketx.extensions.WebSocketServerExtensionHandler.channelRead(WebSocketServerExtensionHandler.java:101)
	at io.netty.channel.AbstractChannelHandlerContext.invokeChannelRead(AbstractChannelHandlerContext.java:379)
	at io.netty.channel.AbstractChannelHandlerContext.invokeChannelRead(AbstractChannelHandlerContext.java:365)
	at io.netty.channel.AbstractChannelHandlerContext.fireChannelRead(AbstractChannelHandlerContext.java:357)
	at io.netty.handler.codec.ByteToMessageDecoder.fireChannelRead(ByteToMessageDecoder.java:324)
	at io.netty.handler.codec.ByteToMessageDecoder.channelRead(ByteToMessageDecoder.java:296)
	at io.netty.channel.AbstractChannelHandlerContext.invokeChannelRead(AbstractChannelHandlerContext.java:379)
	at io.netty.channel.AbstractChannelHandlerContext.invokeChannelRead(AbstractChannelHandlerContext.java:365)
	at io.netty.channel.AbstractChannelHandlerContext.fireChannelRead(AbstractChannelHandlerContext.java:357)
	at io.netty.channel.DefaultChannelPipeline$HeadContext.channelRead(DefaultChannelPipeline.java:1410)
	at io.netty.channel.AbstractChannelHandlerContext.invokeChannelRead(AbstractChannelHandlerContext.java:379)
	at io.netty.channel.AbstractChannelHandlerContext.invokeChannelRead(AbstractChannelHandlerContext.java:365)
	at io.netty.channel.DefaultChannelPipeline.fireChannelRead(DefaultChannelPipeline.java:919)
	at io.netty.channel.nio.AbstractNioByteChannel$NioByteUnsafe.read(AbstractNioByteChannel.java:163)
	at io.netty.channel.nio.NioEventLoop.processSelectedKey(NioEventLoop.java:714)
	at io.netty.channel.nio.NioEventLoop.processSelectedKeysOptimized(NioEventLoop.java:650)
	at io.netty.channel.nio.NioEventLoop.processSelectedKeys(NioEventLoop.java:576)
	at io.netty.channel.nio.NioEventLoop.run(NioEventLoop.java:493)
	at io.netty.util.concurrent.SingleThreadEventExecutor$4.run(SingleThreadEventExecutor.java:989)
	at io.netty.util.internal.ThreadExecutorMap$2.run(ThreadExecutorMap.java:74)
	at io.netty.util.concurrent.FastThreadLocalRunnable.run(FastThreadLocalRunnable.java:30)
	at java.lang.Thread.run(Thread.java:748)
Caused by: com.fasterxml.jackson.core.JsonParseException: Unrecognized token 'file_urls': was expecting (JSON String, Number, Array, Object or token 'null', 'true' or 'false')
 at [Source: (StringReader); line: 1, column: 10]
	at com.fasterxml.jackson.core.JsonParser._constructError(JsonParser.java:1840)
	at com.fasterxml.jackson.core.base.ParserMinimalBase._reportError(ParserMinimalBase.java:722)
	at com.fasterxml.jackson.core.json.ReaderBasedJsonParser._reportInvalidToken(ReaderBasedJsonParser.java:2868)
	at com.fasterxml.jackson.core.json.ReaderBasedJsonParser._reportInvalidToken(ReaderBasedJsonParser.java:2846)
	at com.fasterxml.jackson.core.json.ReaderBasedJsonParser._matchToken(ReaderBasedJsonParser.java:2627)
	at com.fasterxml.jackson.core.json.ReaderBasedJsonParser._matchFalse(ReaderBasedJsonParser.java:2595)
	at com.fasterxml.jackson.core.json.ReaderBasedJsonParser.nextToken(ReaderBasedJsonParser.java:745)
	at com.fasterxml.jackson.databind.ObjectMapper._initForReading(ObjectMapper.java:4340)
	at com.fasterxml.jackson.databind.ObjectMapper._readValue(ObjectMapper.java:4160)
	at com.fasterxml.jackson.databind.ObjectMapper.readValue(ObjectMapper.java:2467)
	at io.vertx.core.json.jackson.JacksonCodec.fromParser(JacksonCodec.java:97)
	... 51 common frames omitted
2020-10-15 20:54:59.370|ERROR|com.dimao.pdfprinter.api.DownloadPDFFiles|[vert.x-eventloop-thread-0] c.d.pdfprinter.api.DownloadPDFFiles [DownloadPDFFiles.java : 72] request error: 
io.vertx.core.json.DecodeException: Failed to decode:Unrecognized token 'file_urls': was expecting (JSON String, Number, Array, Object or token 'null', 'true' or 'false')
 at [Source: (StringReader); line: 1, column: 10]
	at io.vertx.core.json.jackson.JacksonCodec.fromParser(JacksonCodec.java:100)
	at io.vertx.core.json.jackson.JacksonCodec.fromString(JacksonCodec.java:58)
	at io.vertx.core.json.JsonObject.fromJson(JsonObject.java:999)
	at io.vertx.core.json.JsonObject.<init>(JsonObject.java:54)
	at com.dimao.pdfprinter.api.DownloadPDFFiles.handle(DownloadPDFFiles.java:28)
	at com.dimao.pdfprinter.api.DownloadPDFFiles.handle(DownloadPDFFiles.java:19)
	at io.vertx.ext.web.impl.RouteState.handleContext(RouteState.java:1036)
	at io.vertx.ext.web.impl.RoutingContextImplBase.iterateNext(RoutingContextImplBase.java:131)
	at io.vertx.ext.web.impl.RoutingContextImpl.next(RoutingContextImpl.java:132)
	at io.vertx.ext.web.handler.impl.CorsHandlerImpl.handle(CorsHandlerImpl.java:147)
	at io.vertx.ext.web.handler.impl.CorsHandlerImpl.handle(CorsHandlerImpl.java:38)
	at io.vertx.ext.web.impl.RouteState.handleContext(RouteState.java:1036)
	at io.vertx.ext.web.impl.RoutingContextImplBase.iterateNext(RoutingContextImplBase.java:131)
	at io.vertx.ext.web.impl.RoutingContextImpl.next(RoutingContextImpl.java:132)
	at io.vertx.ext.web.handler.impl.BodyHandlerImpl$BHandler.doEnd(BodyHandlerImpl.java:296)
	at io.vertx.ext.web.handler.impl.BodyHandlerImpl$BHandler.end(BodyHandlerImpl.java:276)
	at io.vertx.ext.web.handler.impl.BodyHandlerImpl.lambda$handle$0(BodyHandlerImpl.java:87)
	at io.vertx.core.http.impl.HttpServerRequestImpl.onEnd(HttpServerRequestImpl.java:523)
	at io.vertx.core.http.impl.HttpServerRequestImpl.handleEnd(HttpServerRequestImpl.java:509)
	at io.vertx.core.http.impl.Http1xServerConnection.handleEnd(Http1xServerConnection.java:176)
	at io.vertx.core.http.impl.Http1xServerConnection.handleContent(Http1xServerConnection.java:163)
	at io.vertx.core.http.impl.Http1xServerConnection.handleMessage(Http1xServerConnection.java:140)
	at io.vertx.core.impl.ContextImpl.executeTask(ContextImpl.java:366)
	at io.vertx.core.impl.EventLoopContext.execute(EventLoopContext.java:43)
	at io.vertx.core.impl.ContextImpl.executeFromIO(ContextImpl.java:229)
	at io.vertx.core.net.impl.VertxHandler.channelRead(VertxHandler.java:163)
	at io.netty.channel.AbstractChannelHandlerContext.invokeChannelRead(AbstractChannelHandlerContext.java:379)
	at io.netty.channel.AbstractChannelHandlerContext.invokeChannelRead(AbstractChannelHandlerContext.java:365)
	at io.netty.channel.AbstractChannelHandlerContext.fireChannelRead(AbstractChannelHandlerContext.java:357)
	at io.netty.channel.ChannelInboundHandlerAdapter.channelRead(ChannelInboundHandlerAdapter.java:93)
	at io.netty.handler.codec.http.websocketx.extensions.WebSocketServerExtensionHandler.channelRead(WebSocketServerExtensionHandler.java:101)
	at io.netty.channel.AbstractChannelHandlerContext.invokeChannelRead(AbstractChannelHandlerContext.java:379)
	at io.netty.channel.AbstractChannelHandlerContext.invokeChannelRead(AbstractChannelHandlerContext.java:365)
	at io.netty.channel.AbstractChannelHandlerContext.fireChannelRead(AbstractChannelHandlerContext.java:357)
	at io.netty.handler.codec.ByteToMessageDecoder.fireChannelRead(ByteToMessageDecoder.java:324)
	at io.netty.handler.codec.ByteToMessageDecoder.channelRead(ByteToMessageDecoder.java:296)
	at io.netty.channel.AbstractChannelHandlerContext.invokeChannelRead(AbstractChannelHandlerContext.java:379)
	at io.netty.channel.AbstractChannelHandlerContext.invokeChannelRead(AbstractChannelHandlerContext.java:365)
	at io.netty.channel.AbstractChannelHandlerContext.fireChannelRead(AbstractChannelHandlerContext.java:357)
	at io.netty.channel.DefaultChannelPipeline$HeadContext.channelRead(DefaultChannelPipeline.java:1410)
	at io.netty.channel.AbstractChannelHandlerContext.invokeChannelRead(AbstractChannelHandlerContext.java:379)
	at io.netty.channel.AbstractChannelHandlerContext.invokeChannelRead(AbstractChannelHandlerContext.java:365)
	at io.netty.channel.DefaultChannelPipeline.fireChannelRead(DefaultChannelPipeline.java:919)
	at io.netty.channel.nio.AbstractNioByteChannel$NioByteUnsafe.read(AbstractNioByteChannel.java:163)
	at io.netty.channel.nio.NioEventLoop.processSelectedKey(NioEventLoop.java:714)
	at io.netty.channel.nio.NioEventLoop.processSelectedKeysOptimized(NioEventLoop.java:650)
	at io.netty.channel.nio.NioEventLoop.processSelectedKeys(NioEventLoop.java:576)
	at io.netty.channel.nio.NioEventLoop.run(NioEventLoop.java:493)
	at io.netty.util.concurrent.SingleThreadEventExecutor$4.run(SingleThreadEventExecutor.java:989)
	at io.netty.util.internal.ThreadExecutorMap$2.run(ThreadExecutorMap.java:74)
	at io.netty.util.concurrent.FastThreadLocalRunnable.run(FastThreadLocalRunnable.java:30)
	at java.lang.Thread.run(Thread.java:748)
Caused by: com.fasterxml.jackson.core.JsonParseException: Unrecognized token 'file_urls': was expecting (JSON String, Number, Array, Object or token 'null', 'true' or 'false')
 at [Source: (StringReader); line: 1, column: 10]
	at com.fasterxml.jackson.core.JsonParser._constructError(JsonParser.java:1840)
	at com.fasterxml.jackson.core.base.ParserMinimalBase._reportError(ParserMinimalBase.java:722)
	at com.fasterxml.jackson.core.json.ReaderBasedJsonParser._reportInvalidToken(ReaderBasedJsonParser.java:2868)
	at com.fasterxml.jackson.core.json.ReaderBasedJsonParser._reportInvalidToken(ReaderBasedJsonParser.java:2846)
	at com.fasterxml.jackson.core.json.ReaderBasedJsonParser._matchToken(ReaderBasedJsonParser.java:2627)
	at com.fasterxml.jackson.core.json.ReaderBasedJsonParser._matchFalse(ReaderBasedJsonParser.java:2595)
	at com.fasterxml.jackson.core.json.ReaderBasedJsonParser.nextToken(ReaderBasedJsonParser.java:745)
	at com.fasterxml.jackson.databind.ObjectMapper._initForReading(ObjectMapper.java:4340)
	at com.fasterxml.jackson.databind.ObjectMapper._readValue(ObjectMapper.java:4160)
	at com.fasterxml.jackson.databind.ObjectMapper.readValue(ObjectMapper.java:2467)
	at io.vertx.core.json.jackson.JacksonCodec.fromParser(JacksonCodec.java:97)
	... 51 common frames omitted
