2020-10-16 13:58:12,537 DEBUG [main] i.n.u.i.l.InternalLoggerFactory [InternalLoggerFactory.java : 45] Using SLF4J as the default logging framework
2020-10-16 13:58:12,551 DEBUG [main] io.netty.util.ResourceLeakDetector [ResourceLeakDetector.java : 130] -Dio.netty.leakDetection.level: simple
2020-10-16 13:58:12,551 DEBUG [main] io.netty.util.ResourceLeakDetector [ResourceLeakDetector.java : 131] -Dio.netty.leakDetection.targetRecords: 4
2020-10-16 13:58:12,566 DEBUG [main] i.n.u.i.InternalThreadLocalMap [InternalThreadLocalMap.java : 56] -Dio.netty.threadLocalMap.stringBuilder.initialSize: 1024
2020-10-16 13:58:12,567 DEBUG [main] i.n.u.i.InternalThreadLocalMap [InternalThreadLocalMap.java : 59] -Dio.netty.threadLocalMap.stringBuilder.maxSize: 4096
2020-10-16 13:58:12,580 DEBUG [main] i.n.c.MultithreadEventLoopGroup [MultithreadEventLoopGroup.java : 44] -Dio.netty.eventLoopThreads: 16
2020-10-16 13:58:12,623 DEBUG [main] io.netty.channel.nio.NioEventLoop [NioEventLoop.java : 106] -Dio.netty.noKeySetOptimization: false
2020-10-16 13:58:12,624 DEBUG [main] io.netty.channel.nio.NioEventLoop [NioEventLoop.java : 107] -Dio.netty.selectorAutoRebuildThreshold: 512
2020-10-16 13:58:12,646 DEBUG [main] i.n.util.internal.PlatformDependent [PlatformDependent.java : 1015] Platform: Windows
2020-10-16 13:58:12,648 DEBUG [main] i.n.util.internal.PlatformDependent0 [PlatformDependent0.java : 408] -Dio.netty.noUnsafe: false
2020-10-16 13:58:12,649 DEBUG [main] i.n.util.internal.PlatformDependent0 [PlatformDependent0.java : 876] Java version: 8
2020-10-16 13:58:12,650 DEBUG [main] i.n.util.internal.PlatformDependent0 [PlatformDependent0.java : 125] sun.misc.Unsafe.theUnsafe: available
2020-10-16 13:58:12,652 DEBUG [main] i.n.util.internal.PlatformDependent0 [PlatformDependent0.java : 149] sun.misc.Unsafe.copyMemory: available
2020-10-16 13:58:12,652 DEBUG [main] i.n.util.internal.PlatformDependent0 [PlatformDependent0.java : 187] java.nio.Buffer.address: available
2020-10-16 13:58:12,654 DEBUG [main] i.n.util.internal.PlatformDependent0 [PlatformDependent0.java : 252] direct buffer constructor: available
2020-10-16 13:58:12,655 DEBUG [main] i.n.util.internal.PlatformDependent0 [PlatformDependent0.java : 326] java.nio.Bits.unaligned: available, true
2020-10-16 13:58:12,656 DEBUG [main] i.n.util.internal.PlatformDependent0 [PlatformDependent0.java : 391] jdk.internal.misc.Unsafe.allocateUninitializedArray(int): unavailable prior to Java9
2020-10-16 13:58:12,656 DEBUG [main] i.n.util.internal.PlatformDependent0 [PlatformDependent0.java : 398] java.nio.DirectByteBuffer.<init>(long, int): available
2020-10-16 13:58:12,657 DEBUG [main] i.n.util.internal.PlatformDependent [PlatformDependent.java : 1058] sun.misc.Unsafe: available
2020-10-16 13:58:12,659 DEBUG [main] i.n.util.internal.PlatformDependent [PlatformDependent.java : 1177] -Dio.netty.tmpdir: C:\Users\TIMkeji\AppData\Local\Temp (java.io.tmpdir)
2020-10-16 13:58:12,660 DEBUG [main] i.n.util.internal.PlatformDependent [PlatformDependent.java : 1256] -Dio.netty.bitMode: 64 (sun.arch.data.model)
2020-10-16 13:58:12,662 DEBUG [main] i.n.util.internal.PlatformDependent [PlatformDependent.java : 177] -Dio.netty.maxDirectMemory: 3779067904 bytes
2020-10-16 13:58:12,663 DEBUG [main] i.n.util.internal.PlatformDependent [PlatformDependent.java : 184] -Dio.netty.uninitializedArrayAllocationThreshold: -1
2020-10-16 13:58:12,665 DEBUG [main] io.netty.util.internal.CleanerJava6 [CleanerJava6.java : 92] java.nio.ByteBuffer.cleaner(): available
2020-10-16 13:58:12,665 DEBUG [main] i.n.util.internal.PlatformDependent [PlatformDependent.java : 204] -Dio.netty.noPreferDirect: false
2020-10-16 13:58:12,673 DEBUG [main] i.n.util.internal.PlatformDependent [PlatformDependent.java : 919] org.jctools-core.MpscChunkedArrayQueue: available
2020-10-16 13:58:13,155 DEBUG [main] i.n.r.d.DefaultDnsServerAddressStreamProvider [DefaultDnsServerAddressStreamProvider.java : 80] Default DNS servers: [/192.168.1.1:53] (sun.net.dns.ResolverConfiguration)
2020-10-16 13:58:13,168 DEBUG [main] io.netty.util.NetUtil [NetUtil.java : 139] -Djava.net.preferIPv4Stack: false
2020-10-16 13:58:13,170 DEBUG [main] io.netty.util.NetUtil [NetUtil.java : 140] -Djava.net.preferIPv6Addresses: false
2020-10-16 13:58:13,349 DEBUG [main] io.netty.util.NetUtil [NetUtil.java : 224] Loopback interface: lo (Software Loopback Interface 1, 127.0.0.1)
2020-10-16 13:58:13,350 DEBUG [main] io.netty.util.NetUtil [NetUtil.java : 289] Failed to get SOMAXCONN from sysctl and file \proc\sys\net\core\somaxconn. Default: 200
2020-10-16 13:58:13,468 DEBUG [vert.x-eventloop-thread-0] i.n.buffer.PooledByteBufAllocator [PooledByteBufAllocator.java : 156] -Dio.netty.allocator.numHeapArenas: 16
2020-10-16 13:58:13,469 DEBUG [vert.x-eventloop-thread-0] i.n.buffer.PooledByteBufAllocator [PooledByteBufAllocator.java : 157] -Dio.netty.allocator.numDirectArenas: 16
2020-10-16 13:58:13,472 DEBUG [vert.x-eventloop-thread-0] i.n.buffer.PooledByteBufAllocator [PooledByteBufAllocator.java : 159] -Dio.netty.allocator.pageSize: 8192
2020-10-16 13:58:13,476 DEBUG [vert.x-eventloop-thread-0] i.n.buffer.PooledByteBufAllocator [PooledByteBufAllocator.java : 164] -Dio.netty.allocator.maxOrder: 11
2020-10-16 13:58:13,478 DEBUG [vert.x-eventloop-thread-0] i.n.buffer.PooledByteBufAllocator [PooledByteBufAllocator.java : 168] -Dio.netty.allocator.chunkSize: 16777216
2020-10-16 13:58:13,480 DEBUG [vert.x-eventloop-thread-0] i.n.buffer.PooledByteBufAllocator [PooledByteBufAllocator.java : 169] -Dio.netty.allocator.tinyCacheSize: 512
2020-10-16 13:58:13,482 DEBUG [vert.x-eventloop-thread-0] i.n.buffer.PooledByteBufAllocator [PooledByteBufAllocator.java : 170] -Dio.netty.allocator.smallCacheSize: 256
2020-10-16 13:58:13,484 DEBUG [vert.x-eventloop-thread-0] i.n.buffer.PooledByteBufAllocator [PooledByteBufAllocator.java : 171] -Dio.netty.allocator.normalCacheSize: 64
2020-10-16 13:58:13,488 DEBUG [vert.x-eventloop-thread-0] i.n.buffer.PooledByteBufAllocator [PooledByteBufAllocator.java : 172] -Dio.netty.allocator.maxCachedBufferCapacity: 32768
2020-10-16 13:58:13,491 DEBUG [vert.x-eventloop-thread-0] i.n.buffer.PooledByteBufAllocator [PooledByteBufAllocator.java : 173] -Dio.netty.allocator.cacheTrimInterval: 8192
2020-10-16 13:58:13,493 DEBUG [vert.x-eventloop-thread-0] i.n.buffer.PooledByteBufAllocator [PooledByteBufAllocator.java : 174] -Dio.netty.allocator.cacheTrimIntervalMillis: 0
2020-10-16 13:58:13,495 DEBUG [vert.x-eventloop-thread-0] i.n.buffer.PooledByteBufAllocator [PooledByteBufAllocator.java : 175] -Dio.netty.allocator.useCacheForAllThreads: true
2020-10-16 13:58:13,498 DEBUG [vert.x-eventloop-thread-0] i.n.buffer.PooledByteBufAllocator [PooledByteBufAllocator.java : 176] -Dio.netty.allocator.maxCachedByteBuffersPerChunk: 1023
2020-10-16 13:58:13,779 DEBUG [vert.x-eventloop-thread-0] io.netty.channel.DefaultChannelId [DefaultChannelId.java : 79] -Dio.netty.processId: 12752 (auto-detected)
2020-10-16 13:58:13,998 DEBUG [vert.x-eventloop-thread-0] io.netty.channel.DefaultChannelId [DefaultChannelId.java : 101] -Dio.netty.machineId: c8:58:c0:ff:fe:40:7d:6a (auto-detected)
2020-10-16 13:58:14,027 DEBUG [vert.x-eventloop-thread-0] io.netty.buffer.ByteBufUtil [ByteBufUtil.java : 86] -Dio.netty.allocator.type: pooled
2020-10-16 13:58:14,028 DEBUG [vert.x-eventloop-thread-0] io.netty.buffer.ByteBufUtil [ByteBufUtil.java : 95] -Dio.netty.threadLocalDirectBufferSize: 0
2020-10-16 13:58:14,030 DEBUG [vert.x-eventloop-thread-0] io.netty.buffer.ByteBufUtil [ByteBufUtil.java : 98] -Dio.netty.maxThreadLocalCharBufferSize: 16384
2020-10-16 13:58:35,407 DEBUG [vert.x-eventloop-thread-0] io.netty.util.Recycler [Recycler.java : 97] -Dio.netty.recycler.maxCapacityPerThread: 4096
2020-10-16 13:58:35,409 DEBUG [vert.x-eventloop-thread-0] io.netty.util.Recycler [Recycler.java : 98] -Dio.netty.recycler.maxSharedCapacityFactor: 2
2020-10-16 13:58:35,415 DEBUG [vert.x-eventloop-thread-0] io.netty.util.Recycler [Recycler.java : 99] -Dio.netty.recycler.linkCapacity: 16
2020-10-16 13:58:35,418 DEBUG [vert.x-eventloop-thread-0] io.netty.util.Recycler [Recycler.java : 100] -Dio.netty.recycler.ratio: 8
2020-10-16 13:58:35,445 DEBUG [vert.x-eventloop-thread-0] io.netty.buffer.AbstractByteBuf [AbstractByteBuf.java : 63] -Dio.netty.buffer.checkAccessible: true
2020-10-16 13:58:35,446 DEBUG [vert.x-eventloop-thread-0] io.netty.buffer.AbstractByteBuf [AbstractByteBuf.java : 64] -Dio.netty.buffer.checkBounds: true
2020-10-16 13:58:35,454 DEBUG [vert.x-eventloop-thread-0] i.n.util.ResourceLeakDetectorFactory [ResourceLeakDetectorFactory.java : 195] Loaded default ResourceLeakDetector: io.netty.util.ResourceLeakDetector@1636f335
2020-10-16 13:58:35,644 DEBUG [vert.x-eventloop-thread-0] i.n.h.c.compression.ZlibCodecFactory [ZlibCodecFactory.java : 39] -Dio.netty.noJdkZlibDecoder: false
2020-10-16 13:58:35,645 DEBUG [vert.x-eventloop-thread-0] i.n.h.c.compression.ZlibCodecFactory [ZlibCodecFactory.java : 42] -Dio.netty.noJdkZlibEncoder: false
2020-10-16 14:10:25,116 DEBUG [main] i.n.u.i.l.InternalLoggerFactory [InternalLoggerFactory.java : 45] Using SLF4J as the default logging framework
2020-10-16 14:10:25,125 DEBUG [main] io.netty.util.ResourceLeakDetector [ResourceLeakDetector.java : 130] -Dio.netty.leakDetection.level: simple
2020-10-16 14:10:25,125 DEBUG [main] io.netty.util.ResourceLeakDetector [ResourceLeakDetector.java : 131] -Dio.netty.leakDetection.targetRecords: 4
2020-10-16 14:10:25,140 DEBUG [main] i.n.u.i.InternalThreadLocalMap [InternalThreadLocalMap.java : 56] -Dio.netty.threadLocalMap.stringBuilder.initialSize: 1024
2020-10-16 14:10:25,141 DEBUG [main] i.n.u.i.InternalThreadLocalMap [InternalThreadLocalMap.java : 59] -Dio.netty.threadLocalMap.stringBuilder.maxSize: 4096
2020-10-16 14:10:25,149 DEBUG [main] i.n.c.MultithreadEventLoopGroup [MultithreadEventLoopGroup.java : 44] -Dio.netty.eventLoopThreads: 16
2020-10-16 14:10:25,173 DEBUG [main] io.netty.channel.nio.NioEventLoop [NioEventLoop.java : 106] -Dio.netty.noKeySetOptimization: false
2020-10-16 14:10:25,174 DEBUG [main] io.netty.channel.nio.NioEventLoop [NioEventLoop.java : 107] -Dio.netty.selectorAutoRebuildThreshold: 512
2020-10-16 14:10:25,194 DEBUG [main] i.n.util.internal.PlatformDependent [PlatformDependent.java : 1015] Platform: Windows
2020-10-16 14:10:25,196 DEBUG [main] i.n.util.internal.PlatformDependent0 [PlatformDependent0.java : 408] -Dio.netty.noUnsafe: false
2020-10-16 14:10:25,198 DEBUG [main] i.n.util.internal.PlatformDependent0 [PlatformDependent0.java : 876] Java version: 8
2020-10-16 14:10:25,199 DEBUG [main] i.n.util.internal.PlatformDependent0 [PlatformDependent0.java : 125] sun.misc.Unsafe.theUnsafe: available
2020-10-16 14:10:25,200 DEBUG [main] i.n.util.internal.PlatformDependent0 [PlatformDependent0.java : 149] sun.misc.Unsafe.copyMemory: available
2020-10-16 14:10:25,200 DEBUG [main] i.n.util.internal.PlatformDependent0 [PlatformDependent0.java : 187] java.nio.Buffer.address: available
2020-10-16 14:10:25,202 DEBUG [main] i.n.util.internal.PlatformDependent0 [PlatformDependent0.java : 252] direct buffer constructor: available
2020-10-16 14:10:25,203 DEBUG [main] i.n.util.internal.PlatformDependent0 [PlatformDependent0.java : 326] java.nio.Bits.unaligned: available, true
2020-10-16 14:10:25,205 DEBUG [main] i.n.util.internal.PlatformDependent0 [PlatformDependent0.java : 391] jdk.internal.misc.Unsafe.allocateUninitializedArray(int): unavailable prior to Java9
2020-10-16 14:10:25,207 DEBUG [main] i.n.util.internal.PlatformDependent0 [PlatformDependent0.java : 398] java.nio.DirectByteBuffer.<init>(long, int): available
2020-10-16 14:10:25,208 DEBUG [main] i.n.util.internal.PlatformDependent [PlatformDependent.java : 1058] sun.misc.Unsafe: available
2020-10-16 14:10:25,209 DEBUG [main] i.n.util.internal.PlatformDependent [PlatformDependent.java : 1177] -Dio.netty.tmpdir: C:\Users\TIMkeji\AppData\Local\Temp (java.io.tmpdir)
2020-10-16 14:10:25,210 DEBUG [main] i.n.util.internal.PlatformDependent [PlatformDependent.java : 1256] -Dio.netty.bitMode: 64 (sun.arch.data.model)
2020-10-16 14:10:25,211 DEBUG [main] i.n.util.internal.PlatformDependent [PlatformDependent.java : 177] -Dio.netty.maxDirectMemory: 3779067904 bytes
2020-10-16 14:10:25,212 DEBUG [main] i.n.util.internal.PlatformDependent [PlatformDependent.java : 184] -Dio.netty.uninitializedArrayAllocationThreshold: -1
2020-10-16 14:10:25,216 DEBUG [main] io.netty.util.internal.CleanerJava6 [CleanerJava6.java : 92] java.nio.ByteBuffer.cleaner(): available
2020-10-16 14:10:25,217 DEBUG [main] i.n.util.internal.PlatformDependent [PlatformDependent.java : 204] -Dio.netty.noPreferDirect: false
2020-10-16 14:10:25,225 DEBUG [main] i.n.util.internal.PlatformDependent [PlatformDependent.java : 919] org.jctools-core.MpscChunkedArrayQueue: available
2020-10-16 14:10:25,488 DEBUG [main] i.n.r.d.DefaultDnsServerAddressStreamProvider [DefaultDnsServerAddressStreamProvider.java : 80] Default DNS servers: [/192.168.1.1:53] (sun.net.dns.ResolverConfiguration)
2020-10-16 14:10:25,497 DEBUG [main] io.netty.util.NetUtil [NetUtil.java : 139] -Djava.net.preferIPv4Stack: false
2020-10-16 14:10:25,498 DEBUG [main] io.netty.util.NetUtil [NetUtil.java : 140] -Djava.net.preferIPv6Addresses: false
2020-10-16 14:10:25,660 DEBUG [main] io.netty.util.NetUtil [NetUtil.java : 224] Loopback interface: lo (Software Loopback Interface 1, 127.0.0.1)
2020-10-16 14:10:25,660 DEBUG [main] io.netty.util.NetUtil [NetUtil.java : 289] Failed to get SOMAXCONN from sysctl and file \proc\sys\net\core\somaxconn. Default: 200
2020-10-16 14:10:25,776 DEBUG [vert.x-eventloop-thread-0] i.n.buffer.PooledByteBufAllocator [PooledByteBufAllocator.java : 156] -Dio.netty.allocator.numHeapArenas: 16
2020-10-16 14:10:25,778 DEBUG [vert.x-eventloop-thread-0] i.n.buffer.PooledByteBufAllocator [PooledByteBufAllocator.java : 157] -Dio.netty.allocator.numDirectArenas: 16
2020-10-16 14:10:25,788 DEBUG [vert.x-eventloop-thread-0] i.n.buffer.PooledByteBufAllocator [PooledByteBufAllocator.java : 159] -Dio.netty.allocator.pageSize: 8192
2020-10-16 14:10:25,789 DEBUG [vert.x-eventloop-thread-0] i.n.buffer.PooledByteBufAllocator [PooledByteBufAllocator.java : 164] -Dio.netty.allocator.maxOrder: 11
2020-10-16 14:10:25,790 DEBUG [vert.x-eventloop-thread-0] i.n.buffer.PooledByteBufAllocator [PooledByteBufAllocator.java : 168] -Dio.netty.allocator.chunkSize: 16777216
2020-10-16 14:10:25,790 DEBUG [vert.x-eventloop-thread-0] i.n.buffer.PooledByteBufAllocator [PooledByteBufAllocator.java : 169] -Dio.netty.allocator.tinyCacheSize: 512
2020-10-16 14:10:25,790 DEBUG [vert.x-eventloop-thread-0] i.n.buffer.PooledByteBufAllocator [PooledByteBufAllocator.java : 170] -Dio.netty.allocator.smallCacheSize: 256
2020-10-16 14:10:25,791 DEBUG [vert.x-eventloop-thread-0] i.n.buffer.PooledByteBufAllocator [PooledByteBufAllocator.java : 171] -Dio.netty.allocator.normalCacheSize: 64
2020-10-16 14:10:25,792 DEBUG [vert.x-eventloop-thread-0] i.n.buffer.PooledByteBufAllocator [PooledByteBufAllocator.java : 172] -Dio.netty.allocator.maxCachedBufferCapacity: 32768
2020-10-16 14:10:25,793 DEBUG [vert.x-eventloop-thread-0] i.n.buffer.PooledByteBufAllocator [PooledByteBufAllocator.java : 173] -Dio.netty.allocator.cacheTrimInterval: 8192
2020-10-16 14:10:25,794 DEBUG [vert.x-eventloop-thread-0] i.n.buffer.PooledByteBufAllocator [PooledByteBufAllocator.java : 174] -Dio.netty.allocator.cacheTrimIntervalMillis: 0
2020-10-16 14:10:25,795 DEBUG [vert.x-eventloop-thread-0] i.n.buffer.PooledByteBufAllocator [PooledByteBufAllocator.java : 175] -Dio.netty.allocator.useCacheForAllThreads: true
2020-10-16 14:10:25,796 DEBUG [vert.x-eventloop-thread-0] i.n.buffer.PooledByteBufAllocator [PooledByteBufAllocator.java : 176] -Dio.netty.allocator.maxCachedByteBuffersPerChunk: 1023
2020-10-16 14:10:26,008 DEBUG [vert.x-eventloop-thread-0] io.netty.channel.DefaultChannelId [DefaultChannelId.java : 79] -Dio.netty.processId: 3776 (auto-detected)
2020-10-16 14:10:26,188 DEBUG [vert.x-eventloop-thread-0] io.netty.channel.DefaultChannelId [DefaultChannelId.java : 101] -Dio.netty.machineId: c8:58:c0:ff:fe:40:7d:6a (auto-detected)
2020-10-16 14:10:26,211 DEBUG [vert.x-eventloop-thread-0] io.netty.buffer.ByteBufUtil [ByteBufUtil.java : 86] -Dio.netty.allocator.type: pooled
2020-10-16 14:10:26,212 DEBUG [vert.x-eventloop-thread-0] io.netty.buffer.ByteBufUtil [ByteBufUtil.java : 95] -Dio.netty.threadLocalDirectBufferSize: 0
2020-10-16 14:10:26,213 DEBUG [vert.x-eventloop-thread-0] io.netty.buffer.ByteBufUtil [ByteBufUtil.java : 98] -Dio.netty.maxThreadLocalCharBufferSize: 16384
2020-10-16 14:10:55,364 DEBUG [vert.x-eventloop-thread-0] io.netty.util.Recycler [Recycler.java : 97] -Dio.netty.recycler.maxCapacityPerThread: 4096
2020-10-16 14:10:55,365 DEBUG [vert.x-eventloop-thread-0] io.netty.util.Recycler [Recycler.java : 98] -Dio.netty.recycler.maxSharedCapacityFactor: 2
2020-10-16 14:10:55,366 DEBUG [vert.x-eventloop-thread-0] io.netty.util.Recycler [Recycler.java : 99] -Dio.netty.recycler.linkCapacity: 16
2020-10-16 14:10:55,367 DEBUG [vert.x-eventloop-thread-0] io.netty.util.Recycler [Recycler.java : 100] -Dio.netty.recycler.ratio: 8
2020-10-16 14:10:55,375 DEBUG [vert.x-eventloop-thread-0] io.netty.buffer.AbstractByteBuf [AbstractByteBuf.java : 63] -Dio.netty.buffer.checkAccessible: true
2020-10-16 14:10:55,375 DEBUG [vert.x-eventloop-thread-0] io.netty.buffer.AbstractByteBuf [AbstractByteBuf.java : 64] -Dio.netty.buffer.checkBounds: true
2020-10-16 14:10:55,377 DEBUG [vert.x-eventloop-thread-0] i.n.util.ResourceLeakDetectorFactory [ResourceLeakDetectorFactory.java : 195] Loaded default ResourceLeakDetector: io.netty.util.ResourceLeakDetector@2a44f1d6
2020-10-16 14:10:55,454 DEBUG [vert.x-eventloop-thread-0] i.n.h.c.compression.ZlibCodecFactory [ZlibCodecFactory.java : 39] -Dio.netty.noJdkZlibDecoder: false
2020-10-16 14:10:55,455 DEBUG [vert.x-eventloop-thread-0] i.n.h.c.compression.ZlibCodecFactory [ZlibCodecFactory.java : 42] -Dio.netty.noJdkZlibEncoder: false
2020-10-16 18:03:32,773 DEBUG [main] i.n.u.i.l.InternalLoggerFactory [InternalLoggerFactory.java : 45] Using SLF4J as the default logging framework
2020-10-16 18:03:32,777 DEBUG [main] io.netty.util.ResourceLeakDetector [ResourceLeakDetector.java : 130] -Dio.netty.leakDetection.level: simple
2020-10-16 18:03:32,777 DEBUG [main] io.netty.util.ResourceLeakDetector [ResourceLeakDetector.java : 131] -Dio.netty.leakDetection.targetRecords: 4
2020-10-16 18:03:32,786 DEBUG [main] i.n.u.i.InternalThreadLocalMap [InternalThreadLocalMap.java : 56] -Dio.netty.threadLocalMap.stringBuilder.initialSize: 1024
2020-10-16 18:03:32,787 DEBUG [main] i.n.u.i.InternalThreadLocalMap [InternalThreadLocalMap.java : 59] -Dio.netty.threadLocalMap.stringBuilder.maxSize: 4096
2020-10-16 18:03:32,793 DEBUG [main] i.n.c.MultithreadEventLoopGroup [MultithreadEventLoopGroup.java : 44] -Dio.netty.eventLoopThreads: 16
2020-10-16 18:03:32,808 DEBUG [main] io.netty.channel.nio.NioEventLoop [NioEventLoop.java : 106] -Dio.netty.noKeySetOptimization: false
2020-10-16 18:03:32,809 DEBUG [main] io.netty.channel.nio.NioEventLoop [NioEventLoop.java : 107] -Dio.netty.selectorAutoRebuildThreshold: 512
2020-10-16 18:03:32,818 DEBUG [main] i.n.util.internal.PlatformDependent [PlatformDependent.java : 1015] Platform: Windows
2020-10-16 18:03:32,820 DEBUG [main] i.n.util.internal.PlatformDependent0 [PlatformDependent0.java : 408] -Dio.netty.noUnsafe: false
2020-10-16 18:03:32,820 DEBUG [main] i.n.util.internal.PlatformDependent0 [PlatformDependent0.java : 876] Java version: 8
2020-10-16 18:03:32,821 DEBUG [main] i.n.util.internal.PlatformDependent0 [PlatformDependent0.java : 125] sun.misc.Unsafe.theUnsafe: available
2020-10-16 18:03:32,822 DEBUG [main] i.n.util.internal.PlatformDependent0 [PlatformDependent0.java : 149] sun.misc.Unsafe.copyMemory: available
2020-10-16 18:03:32,822 DEBUG [main] i.n.util.internal.PlatformDependent0 [PlatformDependent0.java : 187] java.nio.Buffer.address: available
2020-10-16 18:03:32,823 DEBUG [main] i.n.util.internal.PlatformDependent0 [PlatformDependent0.java : 252] direct buffer constructor: available
2020-10-16 18:03:32,824 DEBUG [main] i.n.util.internal.PlatformDependent0 [PlatformDependent0.java : 326] java.nio.Bits.unaligned: available, true
2020-10-16 18:03:32,824 DEBUG [main] i.n.util.internal.PlatformDependent0 [PlatformDependent0.java : 391] jdk.internal.misc.Unsafe.allocateUninitializedArray(int): unavailable prior to Java9
2020-10-16 18:03:32,825 DEBUG [main] i.n.util.internal.PlatformDependent0 [PlatformDependent0.java : 398] java.nio.DirectByteBuffer.<init>(long, int): available
2020-10-16 18:03:32,825 DEBUG [main] i.n.util.internal.PlatformDependent [PlatformDependent.java : 1058] sun.misc.Unsafe: available
2020-10-16 18:03:32,826 DEBUG [main] i.n.util.internal.PlatformDependent [PlatformDependent.java : 1177] -Dio.netty.tmpdir: C:\Users\TIMkeji\AppData\Local\Temp (java.io.tmpdir)
2020-10-16 18:03:32,826 DEBUG [main] i.n.util.internal.PlatformDependent [PlatformDependent.java : 1256] -Dio.netty.bitMode: 64 (sun.arch.data.model)
2020-10-16 18:03:32,827 DEBUG [main] i.n.util.internal.PlatformDependent [PlatformDependent.java : 177] -Dio.netty.maxDirectMemory: 3779067904 bytes
2020-10-16 18:03:32,827 DEBUG [main] i.n.util.internal.PlatformDependent [PlatformDependent.java : 184] -Dio.netty.uninitializedArrayAllocationThreshold: -1
2020-10-16 18:03:32,829 DEBUG [main] io.netty.util.internal.CleanerJava6 [CleanerJava6.java : 92] java.nio.ByteBuffer.cleaner(): available
2020-10-16 18:03:32,831 DEBUG [main] i.n.util.internal.PlatformDependent [PlatformDependent.java : 204] -Dio.netty.noPreferDirect: false
2020-10-16 18:03:32,835 DEBUG [main] i.n.util.internal.PlatformDependent [PlatformDependent.java : 919] org.jctools-core.MpscChunkedArrayQueue: available
2020-10-16 18:03:32,992 DEBUG [main] i.n.r.d.DefaultDnsServerAddressStreamProvider [DefaultDnsServerAddressStreamProvider.java : 80] Default DNS servers: [/192.168.1.1:53] (sun.net.dns.ResolverConfiguration)
2020-10-16 18:03:32,996 DEBUG [main] io.netty.util.NetUtil [NetUtil.java : 139] -Djava.net.preferIPv4Stack: false
2020-10-16 18:03:32,997 DEBUG [main] io.netty.util.NetUtil [NetUtil.java : 140] -Djava.net.preferIPv6Addresses: false
2020-10-16 18:03:33,097 DEBUG [main] io.netty.util.NetUtil [NetUtil.java : 224] Loopback interface: lo (Software Loopback Interface 1, 127.0.0.1)
2020-10-16 18:03:33,098 DEBUG [main] io.netty.util.NetUtil [NetUtil.java : 289] Failed to get SOMAXCONN from sysctl and file \proc\sys\net\core\somaxconn. Default: 200
2020-10-16 18:03:33,143 DEBUG [vert.x-eventloop-thread-0] i.n.buffer.PooledByteBufAllocator [PooledByteBufAllocator.java : 156] -Dio.netty.allocator.numHeapArenas: 16
2020-10-16 18:03:33,144 DEBUG [vert.x-eventloop-thread-0] i.n.buffer.PooledByteBufAllocator [PooledByteBufAllocator.java : 157] -Dio.netty.allocator.numDirectArenas: 16
2020-10-16 18:03:33,146 DEBUG [vert.x-eventloop-thread-0] i.n.buffer.PooledByteBufAllocator [PooledByteBufAllocator.java : 159] -Dio.netty.allocator.pageSize: 8192
2020-10-16 18:03:33,150 DEBUG [vert.x-eventloop-thread-0] i.n.buffer.PooledByteBufAllocator [PooledByteBufAllocator.java : 164] -Dio.netty.allocator.maxOrder: 11
2020-10-16 18:03:33,150 DEBUG [vert.x-eventloop-thread-0] i.n.buffer.PooledByteBufAllocator [PooledByteBufAllocator.java : 168] -Dio.netty.allocator.chunkSize: 16777216
2020-10-16 18:03:33,150 DEBUG [vert.x-eventloop-thread-0] i.n.buffer.PooledByteBufAllocator [PooledByteBufAllocator.java : 169] -Dio.netty.allocator.tinyCacheSize: 512
2020-10-16 18:03:33,150 DEBUG [vert.x-eventloop-thread-0] i.n.buffer.PooledByteBufAllocator [PooledByteBufAllocator.java : 170] -Dio.netty.allocator.smallCacheSize: 256
2020-10-16 18:03:33,151 DEBUG [vert.x-eventloop-thread-0] i.n.buffer.PooledByteBufAllocator [PooledByteBufAllocator.java : 171] -Dio.netty.allocator.normalCacheSize: 64
2020-10-16 18:03:33,151 DEBUG [vert.x-eventloop-thread-0] i.n.buffer.PooledByteBufAllocator [PooledByteBufAllocator.java : 172] -Dio.netty.allocator.maxCachedBufferCapacity: 32768
2020-10-16 18:03:33,151 DEBUG [vert.x-eventloop-thread-0] i.n.buffer.PooledByteBufAllocator [PooledByteBufAllocator.java : 173] -Dio.netty.allocator.cacheTrimInterval: 8192
2020-10-16 18:03:33,151 DEBUG [vert.x-eventloop-thread-0] i.n.buffer.PooledByteBufAllocator [PooledByteBufAllocator.java : 174] -Dio.netty.allocator.cacheTrimIntervalMillis: 0
2020-10-16 18:03:33,152 DEBUG [vert.x-eventloop-thread-0] i.n.buffer.PooledByteBufAllocator [PooledByteBufAllocator.java : 175] -Dio.netty.allocator.useCacheForAllThreads: true
2020-10-16 18:03:33,152 DEBUG [vert.x-eventloop-thread-0] i.n.buffer.PooledByteBufAllocator [PooledByteBufAllocator.java : 176] -Dio.netty.allocator.maxCachedByteBuffersPerChunk: 1023
2020-10-16 18:03:33,289 DEBUG [vert.x-eventloop-thread-0] io.netty.channel.DefaultChannelId [DefaultChannelId.java : 79] -Dio.netty.processId: 23812 (auto-detected)
2020-10-16 18:03:33,395 DEBUG [vert.x-eventloop-thread-0] io.netty.channel.DefaultChannelId [DefaultChannelId.java : 101] -Dio.netty.machineId: c8:58:c0:ff:fe:40:7d:6a (auto-detected)
2020-10-16 18:03:33,408 DEBUG [vert.x-eventloop-thread-0] io.netty.buffer.ByteBufUtil [ByteBufUtil.java : 86] -Dio.netty.allocator.type: pooled
2020-10-16 18:03:33,409 DEBUG [vert.x-eventloop-thread-0] io.netty.buffer.ByteBufUtil [ByteBufUtil.java : 95] -Dio.netty.threadLocalDirectBufferSize: 0
2020-10-16 18:03:33,409 DEBUG [vert.x-eventloop-thread-0] io.netty.buffer.ByteBufUtil [ByteBufUtil.java : 98] -Dio.netty.maxThreadLocalCharBufferSize: 16384
2020-10-16 18:03:38,773 DEBUG [vert.x-eventloop-thread-0] io.netty.util.Recycler [Recycler.java : 97] -Dio.netty.recycler.maxCapacityPerThread: 4096
2020-10-16 18:03:38,773 DEBUG [vert.x-eventloop-thread-0] io.netty.util.Recycler [Recycler.java : 98] -Dio.netty.recycler.maxSharedCapacityFactor: 2
2020-10-16 18:03:38,774 DEBUG [vert.x-eventloop-thread-0] io.netty.util.Recycler [Recycler.java : 99] -Dio.netty.recycler.linkCapacity: 16
2020-10-16 18:03:38,774 DEBUG [vert.x-eventloop-thread-0] io.netty.util.Recycler [Recycler.java : 100] -Dio.netty.recycler.ratio: 8
2020-10-16 18:03:38,780 DEBUG [vert.x-eventloop-thread-0] io.netty.buffer.AbstractByteBuf [AbstractByteBuf.java : 63] -Dio.netty.buffer.checkAccessible: true
2020-10-16 18:03:38,781 DEBUG [vert.x-eventloop-thread-0] io.netty.buffer.AbstractByteBuf [AbstractByteBuf.java : 64] -Dio.netty.buffer.checkBounds: true
2020-10-16 18:03:38,782 DEBUG [vert.x-eventloop-thread-0] i.n.util.ResourceLeakDetectorFactory [ResourceLeakDetectorFactory.java : 195] Loaded default ResourceLeakDetector: io.netty.util.ResourceLeakDetector@55462c8a
2020-10-16 18:03:38,825 DEBUG [vert.x-eventloop-thread-0] i.n.h.c.compression.ZlibCodecFactory [ZlibCodecFactory.java : 39] -Dio.netty.noJdkZlibDecoder: false
2020-10-16 18:03:38,826 DEBUG [vert.x-eventloop-thread-0] i.n.h.c.compression.ZlibCodecFactory [ZlibCodecFactory.java : 42] -Dio.netty.noJdkZlibEncoder: false
2020-10-16 18:03:38,950 ERROR [vert.x-eventloop-thread-0] c.d.pdfprinter.api.DownloadPDFFiles [DownloadPDFFiles.java : 72] request error: 
io.vertx.core.json.DecodeException: Failed to decode:No content to map due to end-of-input
 at [Source: (String)""; line: 1, column: 0]
	at io.vertx.core.json.jackson.JacksonCodec.fromParser(JacksonCodec.java:100)
	at io.vertx.core.json.jackson.JacksonCodec.fromString(JacksonCodec.java:58)
	at io.vertx.core.json.JsonObject.fromJson(JsonObject.java:999)
	at io.vertx.core.json.JsonObject.<init>(JsonObject.java:54)
	at com.dimao.pdfprinter.api.DownloadPDFFiles.handle(DownloadPDFFiles.java:28)
	at com.dimao.pdfprinter.api.DownloadPDFFiles.handle(DownloadPDFFiles.java:19)
	at io.vertx.ext.web.impl.RouteState.handleContext(RouteState.java:1036)
	at io.vertx.ext.web.impl.RoutingContextImplBase.iterateNext(RoutingContextImplBase.java:131)
	at io.vertx.ext.web.impl.RoutingContextImpl.next(RoutingContextImpl.java:132)
	at io.vertx.ext.web.handler.impl.CorsHandlerImpl.handle(CorsHandlerImpl.java:147)
	at io.vertx.ext.web.handler.impl.CorsHandlerImpl.handle(CorsHandlerImpl.java:38)
	at io.vertx.ext.web.impl.RouteState.handleContext(RouteState.java:1036)
	at io.vertx.ext.web.impl.RoutingContextImplBase.iterateNext(RoutingContextImplBase.java:131)
	at io.vertx.ext.web.impl.RoutingContextImpl.next(RoutingContextImpl.java:132)
	at io.vertx.ext.web.handler.impl.BodyHandlerImpl$BHandler.doEnd(BodyHandlerImpl.java:296)
	at io.vertx.ext.web.handler.impl.BodyHandlerImpl$BHandler.end(BodyHandlerImpl.java:276)
	at io.vertx.ext.web.handler.impl.BodyHandlerImpl.lambda$handle$0(BodyHandlerImpl.java:87)
	at io.vertx.core.http.impl.HttpServerRequestImpl.onEnd(HttpServerRequestImpl.java:523)
	at io.vertx.core.http.impl.HttpServerRequestImpl.handleEnd(HttpServerRequestImpl.java:509)
	at io.vertx.core.http.impl.Http1xServerConnection.handleEnd(Http1xServerConnection.java:176)
	at io.vertx.core.http.impl.Http1xServerConnection.handleMessage(Http1xServerConnection.java:138)
	at io.vertx.core.impl.ContextImpl.executeTask(ContextImpl.java:366)
	at io.vertx.core.impl.EventLoopContext.execute(EventLoopContext.java:43)
	at io.vertx.core.impl.ContextImpl.executeFromIO(ContextImpl.java:229)
	at io.vertx.core.net.impl.VertxHandler.channelRead(VertxHandler.java:163)
	at io.netty.channel.AbstractChannelHandlerContext.invokeChannelRead(AbstractChannelHandlerContext.java:379)
	at io.netty.channel.AbstractChannelHandlerContext.invokeChannelRead(AbstractChannelHandlerContext.java:365)
	at io.netty.channel.AbstractChannelHandlerContext.fireChannelRead(AbstractChannelHandlerContext.java:357)
	at io.netty.channel.ChannelInboundHandlerAdapter.channelRead(ChannelInboundHandlerAdapter.java:93)
	at io.netty.handler.codec.http.websocketx.extensions.WebSocketServerExtensionHandler.channelRead(WebSocketServerExtensionHandler.java:101)
	at io.netty.channel.AbstractChannelHandlerContext.invokeChannelRead(AbstractChannelHandlerContext.java:379)
	at io.netty.channel.AbstractChannelHandlerContext.invokeChannelRead(AbstractChannelHandlerContext.java:365)
	at io.netty.channel.AbstractChannelHandlerContext.fireChannelRead(AbstractChannelHandlerContext.java:357)
	at io.netty.handler.codec.ByteToMessageDecoder.fireChannelRead(ByteToMessageDecoder.java:324)
	at io.netty.handler.codec.ByteToMessageDecoder.channelRead(ByteToMessageDecoder.java:296)
	at io.netty.channel.AbstractChannelHandlerContext.invokeChannelRead(AbstractChannelHandlerContext.java:379)
	at io.netty.channel.AbstractChannelHandlerContext.invokeChannelRead(AbstractChannelHandlerContext.java:365)
	at io.netty.channel.AbstractChannelHandlerContext.fireChannelRead(AbstractChannelHandlerContext.java:357)
	at io.vertx.core.http.impl.Http1xOrH2CHandler.end(Http1xOrH2CHandler.java:61)
	at io.vertx.core.http.impl.Http1xOrH2CHandler.channelRead(Http1xOrH2CHandler.java:38)
	at io.netty.channel.AbstractChannelHandlerContext.invokeChannelRead(AbstractChannelHandlerContext.java:379)
	at io.netty.channel.AbstractChannelHandlerContext.invokeChannelRead(AbstractChannelHandlerContext.java:365)
	at io.netty.channel.AbstractChannelHandlerContext.fireChannelRead(AbstractChannelHandlerContext.java:357)
	at io.netty.channel.DefaultChannelPipeline$HeadContext.channelRead(DefaultChannelPipeline.java:1410)
	at io.netty.channel.AbstractChannelHandlerContext.invokeChannelRead(AbstractChannelHandlerContext.java:379)
	at io.netty.channel.AbstractChannelHandlerContext.invokeChannelRead(AbstractChannelHandlerContext.java:365)
	at io.netty.channel.DefaultChannelPipeline.fireChannelRead(DefaultChannelPipeline.java:919)
	at io.netty.channel.nio.AbstractNioByteChannel$NioByteUnsafe.read(AbstractNioByteChannel.java:163)
	at io.netty.channel.nio.NioEventLoop.processSelectedKey(NioEventLoop.java:714)
	at io.netty.channel.nio.NioEventLoop.processSelectedKeysOptimized(NioEventLoop.java:650)
	at io.netty.channel.nio.NioEventLoop.processSelectedKeys(NioEventLoop.java:576)
	at io.netty.channel.nio.NioEventLoop.run(NioEventLoop.java:493)
	at io.netty.util.concurrent.SingleThreadEventExecutor$4.run(SingleThreadEventExecutor.java:989)
	at io.netty.util.internal.ThreadExecutorMap$2.run(ThreadExecutorMap.java:74)
	at io.netty.util.concurrent.FastThreadLocalRunnable.run(FastThreadLocalRunnable.java:30)
	at java.lang.Thread.run(Thread.java:748)
Caused by: com.fasterxml.jackson.databind.exc.MismatchedInputException: No content to map due to end-of-input
 at [Source: (String)""; line: 1, column: 0]
	at com.fasterxml.jackson.databind.exc.MismatchedInputException.from(MismatchedInputException.java:59)
	at com.fasterxml.jackson.databind.ObjectMapper._initForReading(ObjectMapper.java:4344)
	at com.fasterxml.jackson.databind.ObjectMapper._readValue(ObjectMapper.java:4160)
	at com.fasterxml.jackson.databind.ObjectMapper.readValue(ObjectMapper.java:2467)
	at io.vertx.core.json.jackson.JacksonCodec.fromParser(JacksonCodec.java:97)
	... 55 common frames omitted
2020-10-16 18:03:53,474 ERROR [vert.x-eventloop-thread-0] c.d.pdfprinter.api.DownloadPDFFiles [DownloadPDFFiles.java : 72] request error: 
io.vertx.core.json.DecodeException: Failed to decode:Unrecognized token 'file_urls': was expecting (JSON String, Number, Array, Object or token 'null', 'true' or 'false')
 at [Source: (StringReader); line: 1, column: 10]
	at io.vertx.core.json.jackson.JacksonCodec.fromParser(JacksonCodec.java:100)
	at io.vertx.core.json.jackson.JacksonCodec.fromString(JacksonCodec.java:58)
	at io.vertx.core.json.JsonObject.fromJson(JsonObject.java:999)
	at io.vertx.core.json.JsonObject.<init>(JsonObject.java:54)
	at com.dimao.pdfprinter.api.DownloadPDFFiles.handle(DownloadPDFFiles.java:28)
	at com.dimao.pdfprinter.api.DownloadPDFFiles.handle(DownloadPDFFiles.java:19)
	at io.vertx.ext.web.impl.RouteState.handleContext(RouteState.java:1036)
	at io.vertx.ext.web.impl.RoutingContextImplBase.iterateNext(RoutingContextImplBase.java:131)
	at io.vertx.ext.web.impl.RoutingContextImpl.next(RoutingContextImpl.java:132)
	at io.vertx.ext.web.handler.impl.CorsHandlerImpl.handle(CorsHandlerImpl.java:147)
	at io.vertx.ext.web.handler.impl.CorsHandlerImpl.handle(CorsHandlerImpl.java:38)
	at io.vertx.ext.web.impl.RouteState.handleContext(RouteState.java:1036)
	at io.vertx.ext.web.impl.RoutingContextImplBase.iterateNext(RoutingContextImplBase.java:131)
	at io.vertx.ext.web.impl.RoutingContextImpl.next(RoutingContextImpl.java:132)
	at io.vertx.ext.web.handler.impl.BodyHandlerImpl$BHandler.doEnd(BodyHandlerImpl.java:296)
	at io.vertx.ext.web.handler.impl.BodyHandlerImpl$BHandler.end(BodyHandlerImpl.java:276)
	at io.vertx.ext.web.handler.impl.BodyHandlerImpl.lambda$handle$0(BodyHandlerImpl.java:87)
	at io.vertx.core.http.impl.HttpServerRequestImpl.onEnd(HttpServerRequestImpl.java:523)
	at io.vertx.core.http.impl.HttpServerRequestImpl.handleEnd(HttpServerRequestImpl.java:509)
	at io.vertx.core.http.impl.Http1xServerConnection.handleEnd(Http1xServerConnection.java:176)
	at io.vertx.core.http.impl.Http1xServerConnection.handleContent(Http1xServerConnection.java:163)
	at io.vertx.core.http.impl.Http1xServerConnection.handleMessage(Http1xServerConnection.java:140)
	at io.vertx.core.impl.ContextImpl.executeTask(ContextImpl.java:366)
	at io.vertx.core.impl.EventLoopContext.execute(EventLoopContext.java:43)
	at io.vertx.core.impl.ContextImpl.executeFromIO(ContextImpl.java:229)
	at io.vertx.core.net.impl.VertxHandler.channelRead(VertxHandler.java:163)
	at io.netty.channel.AbstractChannelHandlerContext.invokeChannelRead(AbstractChannelHandlerContext.java:379)
	at io.netty.channel.AbstractChannelHandlerContext.invokeChannelRead(AbstractChannelHandlerContext.java:365)
	at io.netty.channel.AbstractChannelHandlerContext.fireChannelRead(AbstractChannelHandlerContext.java:357)
	at io.netty.channel.ChannelInboundHandlerAdapter.channelRead(ChannelInboundHandlerAdapter.java:93)
	at io.netty.handler.codec.http.websocketx.extensions.WebSocketServerExtensionHandler.channelRead(WebSocketServerExtensionHandler.java:101)
	at io.netty.channel.AbstractChannelHandlerContext.invokeChannelRead(AbstractChannelHandlerContext.java:379)
	at io.netty.channel.AbstractChannelHandlerContext.invokeChannelRead(AbstractChannelHandlerContext.java:365)
	at io.netty.channel.AbstractChannelHandlerContext.fireChannelRead(AbstractChannelHandlerContext.java:357)
	at io.netty.handler.codec.ByteToMessageDecoder.fireChannelRead(ByteToMessageDecoder.java:324)
	at io.netty.handler.codec.ByteToMessageDecoder.channelRead(ByteToMessageDecoder.java:296)
	at io.netty.channel.AbstractChannelHandlerContext.invokeChannelRead(AbstractChannelHandlerContext.java:379)
	at io.netty.channel.AbstractChannelHandlerContext.invokeChannelRead(AbstractChannelHandlerContext.java:365)
	at io.netty.channel.AbstractChannelHandlerContext.fireChannelRead(AbstractChannelHandlerContext.java:357)
	at io.netty.channel.DefaultChannelPipeline$HeadContext.channelRead(DefaultChannelPipeline.java:1410)
	at io.netty.channel.AbstractChannelHandlerContext.invokeChannelRead(AbstractChannelHandlerContext.java:379)
	at io.netty.channel.AbstractChannelHandlerContext.invokeChannelRead(AbstractChannelHandlerContext.java:365)
	at io.netty.channel.DefaultChannelPipeline.fireChannelRead(DefaultChannelPipeline.java:919)
	at io.netty.channel.nio.AbstractNioByteChannel$NioByteUnsafe.read(AbstractNioByteChannel.java:163)
	at io.netty.channel.nio.NioEventLoop.processSelectedKey(NioEventLoop.java:714)
	at io.netty.channel.nio.NioEventLoop.processSelectedKeysOptimized(NioEventLoop.java:650)
	at io.netty.channel.nio.NioEventLoop.processSelectedKeys(NioEventLoop.java:576)
	at io.netty.channel.nio.NioEventLoop.run(NioEventLoop.java:493)
	at io.netty.util.concurrent.SingleThreadEventExecutor$4.run(SingleThreadEventExecutor.java:989)
	at io.netty.util.internal.ThreadExecutorMap$2.run(ThreadExecutorMap.java:74)
	at io.netty.util.concurrent.FastThreadLocalRunnable.run(FastThreadLocalRunnable.java:30)
	at java.lang.Thread.run(Thread.java:748)
Caused by: com.fasterxml.jackson.core.JsonParseException: Unrecognized token 'file_urls': was expecting (JSON String, Number, Array, Object or token 'null', 'true' or 'false')
 at [Source: (StringReader); line: 1, column: 10]
	at com.fasterxml.jackson.core.JsonParser._constructError(JsonParser.java:1840)
	at com.fasterxml.jackson.core.base.ParserMinimalBase._reportError(ParserMinimalBase.java:722)
	at com.fasterxml.jackson.core.json.ReaderBasedJsonParser._reportInvalidToken(ReaderBasedJsonParser.java:2868)
	at com.fasterxml.jackson.core.json.ReaderBasedJsonParser._reportInvalidToken(ReaderBasedJsonParser.java:2846)
	at com.fasterxml.jackson.core.json.ReaderBasedJsonParser._matchToken(ReaderBasedJsonParser.java:2627)
	at com.fasterxml.jackson.core.json.ReaderBasedJsonParser._matchFalse(ReaderBasedJsonParser.java:2595)
	at com.fasterxml.jackson.core.json.ReaderBasedJsonParser.nextToken(ReaderBasedJsonParser.java:745)
	at com.fasterxml.jackson.databind.ObjectMapper._initForReading(ObjectMapper.java:4340)
	at com.fasterxml.jackson.databind.ObjectMapper._readValue(ObjectMapper.java:4160)
	at com.fasterxml.jackson.databind.ObjectMapper.readValue(ObjectMapper.java:2467)
	at io.vertx.core.json.jackson.JacksonCodec.fromParser(JacksonCodec.java:97)
	... 51 common frames omitted
2020-10-16 18:04:45,643 ERROR [vert.x-eventloop-thread-0] c.d.pdfprinter.api.DownloadPDFFiles [DownloadPDFFiles.java : 72] request error: 
io.vertx.core.json.DecodeException: Failed to decode:Unrecognized token 'file_urls': was expecting (JSON String, Number, Array, Object or token 'null', 'true' or 'false')
 at [Source: (StringReader); line: 1, column: 10]
	at io.vertx.core.json.jackson.JacksonCodec.fromParser(JacksonCodec.java:100)
	at io.vertx.core.json.jackson.JacksonCodec.fromString(JacksonCodec.java:58)
	at io.vertx.core.json.JsonObject.fromJson(JsonObject.java:999)
	at io.vertx.core.json.JsonObject.<init>(JsonObject.java:54)
	at com.dimao.pdfprinter.api.DownloadPDFFiles.handle(DownloadPDFFiles.java:28)
	at com.dimao.pdfprinter.api.DownloadPDFFiles.handle(DownloadPDFFiles.java:19)
	at io.vertx.ext.web.impl.RouteState.handleContext(RouteState.java:1036)
	at io.vertx.ext.web.impl.RoutingContextImplBase.iterateNext(RoutingContextImplBase.java:131)
	at io.vertx.ext.web.impl.RoutingContextImpl.next(RoutingContextImpl.java:132)
	at io.vertx.ext.web.handler.impl.CorsHandlerImpl.handle(CorsHandlerImpl.java:147)
	at io.vertx.ext.web.handler.impl.CorsHandlerImpl.handle(CorsHandlerImpl.java:38)
	at io.vertx.ext.web.impl.RouteState.handleContext(RouteState.java:1036)
	at io.vertx.ext.web.impl.RoutingContextImplBase.iterateNext(RoutingContextImplBase.java:131)
	at io.vertx.ext.web.impl.RoutingContextImpl.next(RoutingContextImpl.java:132)
	at io.vertx.ext.web.handler.impl.BodyHandlerImpl$BHandler.doEnd(BodyHandlerImpl.java:296)
	at io.vertx.ext.web.handler.impl.BodyHandlerImpl$BHandler.end(BodyHandlerImpl.java:276)
	at io.vertx.ext.web.handler.impl.BodyHandlerImpl.lambda$handle$0(BodyHandlerImpl.java:87)
	at io.vertx.core.http.impl.HttpServerRequestImpl.onEnd(HttpServerRequestImpl.java:523)
	at io.vertx.core.http.impl.HttpServerRequestImpl.handleEnd(HttpServerRequestImpl.java:509)
	at io.vertx.core.http.impl.Http1xServerConnection.handleEnd(Http1xServerConnection.java:176)
	at io.vertx.core.http.impl.Http1xServerConnection.handleContent(Http1xServerConnection.java:163)
	at io.vertx.core.http.impl.Http1xServerConnection.handleMessage(Http1xServerConnection.java:140)
	at io.vertx.core.impl.ContextImpl.executeTask(ContextImpl.java:366)
	at io.vertx.core.impl.EventLoopContext.execute(EventLoopContext.java:43)
	at io.vertx.core.impl.ContextImpl.executeFromIO(ContextImpl.java:229)
	at io.vertx.core.net.impl.VertxHandler.channelRead(VertxHandler.java:163)
	at io.netty.channel.AbstractChannelHandlerContext.invokeChannelRead(AbstractChannelHandlerContext.java:379)
	at io.netty.channel.AbstractChannelHandlerContext.invokeChannelRead(AbstractChannelHandlerContext.java:365)
	at io.netty.channel.AbstractChannelHandlerContext.fireChannelRead(AbstractChannelHandlerContext.java:357)
	at io.netty.channel.ChannelInboundHandlerAdapter.channelRead(ChannelInboundHandlerAdapter.java:93)
	at io.netty.handler.codec.http.websocketx.extensions.WebSocketServerExtensionHandler.channelRead(WebSocketServerExtensionHandler.java:101)
	at io.netty.channel.AbstractChannelHandlerContext.invokeChannelRead(AbstractChannelHandlerContext.java:379)
	at io.netty.channel.AbstractChannelHandlerContext.invokeChannelRead(AbstractChannelHandlerContext.java:365)
	at io.netty.channel.AbstractChannelHandlerContext.fireChannelRead(AbstractChannelHandlerContext.java:357)
	at io.netty.handler.codec.ByteToMessageDecoder.fireChannelRead(ByteToMessageDecoder.java:324)
	at io.netty.handler.codec.ByteToMessageDecoder.channelRead(ByteToMessageDecoder.java:296)
	at io.netty.channel.AbstractChannelHandlerContext.invokeChannelRead(AbstractChannelHandlerContext.java:379)
	at io.netty.channel.AbstractChannelHandlerContext.invokeChannelRead(AbstractChannelHandlerContext.java:365)
	at io.netty.channel.AbstractChannelHandlerContext.fireChannelRead(AbstractChannelHandlerContext.java:357)
	at io.netty.channel.DefaultChannelPipeline$HeadContext.channelRead(DefaultChannelPipeline.java:1410)
	at io.netty.channel.AbstractChannelHandlerContext.invokeChannelRead(AbstractChannelHandlerContext.java:379)
	at io.netty.channel.AbstractChannelHandlerContext.invokeChannelRead(AbstractChannelHandlerContext.java:365)
	at io.netty.channel.DefaultChannelPipeline.fireChannelRead(DefaultChannelPipeline.java:919)
	at io.netty.channel.nio.AbstractNioByteChannel$NioByteUnsafe.read(AbstractNioByteChannel.java:163)
	at io.netty.channel.nio.NioEventLoop.processSelectedKey(NioEventLoop.java:714)
	at io.netty.channel.nio.NioEventLoop.processSelectedKeysOptimized(NioEventLoop.java:650)
	at io.netty.channel.nio.NioEventLoop.processSelectedKeys(NioEventLoop.java:576)
	at io.netty.channel.nio.NioEventLoop.run(NioEventLoop.java:493)
	at io.netty.util.concurrent.SingleThreadEventExecutor$4.run(SingleThreadEventExecutor.java:989)
	at io.netty.util.internal.ThreadExecutorMap$2.run(ThreadExecutorMap.java:74)
	at io.netty.util.concurrent.FastThreadLocalRunnable.run(FastThreadLocalRunnable.java:30)
	at java.lang.Thread.run(Thread.java:748)
Caused by: com.fasterxml.jackson.core.JsonParseException: Unrecognized token 'file_urls': was expecting (JSON String, Number, Array, Object or token 'null', 'true' or 'false')
 at [Source: (StringReader); line: 1, column: 10]
	at com.fasterxml.jackson.core.JsonParser._constructError(JsonParser.java:1840)
	at com.fasterxml.jackson.core.base.ParserMinimalBase._reportError(ParserMinimalBase.java:722)
	at com.fasterxml.jackson.core.json.ReaderBasedJsonParser._reportInvalidToken(ReaderBasedJsonParser.java:2868)
	at com.fasterxml.jackson.core.json.ReaderBasedJsonParser._reportInvalidToken(ReaderBasedJsonParser.java:2846)
	at com.fasterxml.jackson.core.json.ReaderBasedJsonParser._matchToken(ReaderBasedJsonParser.java:2627)
	at com.fasterxml.jackson.core.json.ReaderBasedJsonParser._matchFalse(ReaderBasedJsonParser.java:2595)
	at com.fasterxml.jackson.core.json.ReaderBasedJsonParser.nextToken(ReaderBasedJsonParser.java:745)
	at com.fasterxml.jackson.databind.ObjectMapper._initForReading(ObjectMapper.java:4340)
	at com.fasterxml.jackson.databind.ObjectMapper._readValue(ObjectMapper.java:4160)
	at com.fasterxml.jackson.databind.ObjectMapper.readValue(ObjectMapper.java:2467)
	at io.vertx.core.json.jackson.JacksonCodec.fromParser(JacksonCodec.java:97)
	... 51 common frames omitted
2020-10-16 18:05:23,992 DEBUG [vert.x-eventloop-thread-0] i.n.util.ResourceLeakDetectorFactory [ResourceLeakDetectorFactory.java : 195] Loaded default ResourceLeakDetector: io.netty.util.ResourceLeakDetector@74fea3ff
2020-10-16 18:05:23,998 DEBUG [vert.x-eventloop-thread-0] i.netty.resolver.dns.DnsQueryContext [DnsQueryContext.java : 117] [id: 0xcf007d56] WRITE: UDP, [9056: /192.168.1.1:53], DefaultDnsQuestion(mt.tencent.timkj.cn. IN A)
2020-10-16 18:05:24,105 DEBUG [vert.x-eventloop-thread-0] i.netty.resolver.dns.DnsNameResolver [DnsNameResolver.java : 1211] [id: 0xcf007d56] RECEIVED: UDP [9056: /192.168.1.1:53], DatagramDnsResponse(from: /192.168.1.1:53, to: /0:0:0:0:0:0:0:0:57249, 9056, QUERY(0), NoError(0), RD RA)
	DefaultDnsQuestion(mt.tencent.timkj.cn. IN A)
	DefaultDnsRawRecord(mt.tencent.timkj.cn. 600 IN CNAME 35B)
	DefaultDnsRawRecord(mt.tencent.timkj.cn.cdn.dnsv1.com. 600 IN CNAME 32B)
	DefaultDnsRawRecord(cxd7gs7p.dispatch.spcdntip.com. 60 IN A 4B)
2020-10-16 18:05:24,106 DEBUG [vert.x-eventloop-thread-0] i.netty.resolver.dns.DnsQueryContext [DnsQueryContext.java : 117] [id: 0xcf007d56] WRITE: UDP, [14899: /192.168.1.1:53], DefaultDnsQuestion(cxd7gs7p.dispatch.spcdntip.com. IN A)
2020-10-16 18:05:24,129 DEBUG [vert.x-eventloop-thread-0] i.netty.resolver.dns.DnsNameResolver [DnsNameResolver.java : 1211] [id: 0xcf007d56] RECEIVED: UDP [14899: /192.168.1.1:53], DatagramDnsResponse(from: /192.168.1.1:53, to: /0:0:0:0:0:0:0:0:57249, 14899, QUERY(0), NoError(0), RD RA)
	DefaultDnsQuestion(cxd7gs7p.dispatch.spcdntip.com. IN A)
	DefaultDnsRawRecord(cxd7gs7p.dispatch.spcdntip.com. 60 IN A 4B)
2020-10-16 18:08:50,144 DEBUG [main] i.n.u.i.l.InternalLoggerFactory [InternalLoggerFactory.java : 45] Using SLF4J as the default logging framework
2020-10-16 18:08:50,150 DEBUG [main] io.netty.util.ResourceLeakDetector [ResourceLeakDetector.java : 130] -Dio.netty.leakDetection.level: simple
2020-10-16 18:08:50,150 DEBUG [main] io.netty.util.ResourceLeakDetector [ResourceLeakDetector.java : 131] -Dio.netty.leakDetection.targetRecords: 4
2020-10-16 18:08:50,158 DEBUG [main] i.n.u.i.InternalThreadLocalMap [InternalThreadLocalMap.java : 56] -Dio.netty.threadLocalMap.stringBuilder.initialSize: 1024
2020-10-16 18:08:50,158 DEBUG [main] i.n.u.i.InternalThreadLocalMap [InternalThreadLocalMap.java : 59] -Dio.netty.threadLocalMap.stringBuilder.maxSize: 4096
2020-10-16 18:08:50,162 DEBUG [main] i.n.c.MultithreadEventLoopGroup [MultithreadEventLoopGroup.java : 44] -Dio.netty.eventLoopThreads: 16
2020-10-16 18:08:50,178 DEBUG [main] io.netty.channel.nio.NioEventLoop [NioEventLoop.java : 106] -Dio.netty.noKeySetOptimization: false
2020-10-16 18:08:50,178 DEBUG [main] io.netty.channel.nio.NioEventLoop [NioEventLoop.java : 107] -Dio.netty.selectorAutoRebuildThreshold: 512
2020-10-16 18:08:50,199 DEBUG [main] i.n.util.internal.PlatformDependent [PlatformDependent.java : 1015] Platform: Windows
2020-10-16 18:08:50,201 DEBUG [main] i.n.util.internal.PlatformDependent0 [PlatformDependent0.java : 408] -Dio.netty.noUnsafe: false
2020-10-16 18:08:50,202 DEBUG [main] i.n.util.internal.PlatformDependent0 [PlatformDependent0.java : 876] Java version: 8
2020-10-16 18:08:50,203 DEBUG [main] i.n.util.internal.PlatformDependent0 [PlatformDependent0.java : 125] sun.misc.Unsafe.theUnsafe: available
2020-10-16 18:08:50,203 DEBUG [main] i.n.util.internal.PlatformDependent0 [PlatformDependent0.java : 149] sun.misc.Unsafe.copyMemory: available
2020-10-16 18:08:50,204 DEBUG [main] i.n.util.internal.PlatformDependent0 [PlatformDependent0.java : 187] java.nio.Buffer.address: available
2020-10-16 18:08:50,204 DEBUG [main] i.n.util.internal.PlatformDependent0 [PlatformDependent0.java : 252] direct buffer constructor: available
2020-10-16 18:08:50,205 DEBUG [main] i.n.util.internal.PlatformDependent0 [PlatformDependent0.java : 326] java.nio.Bits.unaligned: available, true
2020-10-16 18:08:50,205 DEBUG [main] i.n.util.internal.PlatformDependent0 [PlatformDependent0.java : 391] jdk.internal.misc.Unsafe.allocateUninitializedArray(int): unavailable prior to Java9
2020-10-16 18:08:50,205 DEBUG [main] i.n.util.internal.PlatformDependent0 [PlatformDependent0.java : 398] java.nio.DirectByteBuffer.<init>(long, int): available
2020-10-16 18:08:50,205 DEBUG [main] i.n.util.internal.PlatformDependent [PlatformDependent.java : 1058] sun.misc.Unsafe: available
2020-10-16 18:08:50,206 DEBUG [main] i.n.util.internal.PlatformDependent [PlatformDependent.java : 1177] -Dio.netty.tmpdir: C:\Users\TIMkeji\AppData\Local\Temp (java.io.tmpdir)
2020-10-16 18:08:50,206 DEBUG [main] i.n.util.internal.PlatformDependent [PlatformDependent.java : 1256] -Dio.netty.bitMode: 64 (sun.arch.data.model)
2020-10-16 18:08:50,207 DEBUG [main] i.n.util.internal.PlatformDependent [PlatformDependent.java : 177] -Dio.netty.maxDirectMemory: 3779067904 bytes
2020-10-16 18:08:50,207 DEBUG [main] i.n.util.internal.PlatformDependent [PlatformDependent.java : 184] -Dio.netty.uninitializedArrayAllocationThreshold: -1
2020-10-16 18:08:50,208 DEBUG [main] io.netty.util.internal.CleanerJava6 [CleanerJava6.java : 92] java.nio.ByteBuffer.cleaner(): available
2020-10-16 18:08:50,210 DEBUG [main] i.n.util.internal.PlatformDependent [PlatformDependent.java : 204] -Dio.netty.noPreferDirect: false
2020-10-16 18:08:50,216 DEBUG [main] i.n.util.internal.PlatformDependent [PlatformDependent.java : 919] org.jctools-core.MpscChunkedArrayQueue: available
2020-10-16 18:08:50,366 DEBUG [main] i.n.r.d.DefaultDnsServerAddressStreamProvider [DefaultDnsServerAddressStreamProvider.java : 80] Default DNS servers: [/192.168.1.1:53] (sun.net.dns.ResolverConfiguration)
2020-10-16 18:08:50,373 DEBUG [main] io.netty.util.NetUtil [NetUtil.java : 139] -Djava.net.preferIPv4Stack: false
2020-10-16 18:08:50,373 DEBUG [main] io.netty.util.NetUtil [NetUtil.java : 140] -Djava.net.preferIPv6Addresses: false
2020-10-16 18:08:50,469 DEBUG [main] io.netty.util.NetUtil [NetUtil.java : 224] Loopback interface: lo (Software Loopback Interface 1, 127.0.0.1)
2020-10-16 18:08:50,471 DEBUG [main] io.netty.util.NetUtil [NetUtil.java : 289] Failed to get SOMAXCONN from sysctl and file \proc\sys\net\core\somaxconn. Default: 200
2020-10-16 18:08:50,520 DEBUG [vert.x-eventloop-thread-0] i.n.buffer.PooledByteBufAllocator [PooledByteBufAllocator.java : 156] -Dio.netty.allocator.numHeapArenas: 16
2020-10-16 18:08:50,521 DEBUG [vert.x-eventloop-thread-0] i.n.buffer.PooledByteBufAllocator [PooledByteBufAllocator.java : 157] -Dio.netty.allocator.numDirectArenas: 16
2020-10-16 18:08:50,522 DEBUG [vert.x-eventloop-thread-0] i.n.buffer.PooledByteBufAllocator [PooledByteBufAllocator.java : 159] -Dio.netty.allocator.pageSize: 8192
2020-10-16 18:08:50,522 DEBUG [vert.x-eventloop-thread-0] i.n.buffer.PooledByteBufAllocator [PooledByteBufAllocator.java : 164] -Dio.netty.allocator.maxOrder: 11
2020-10-16 18:08:50,522 DEBUG [vert.x-eventloop-thread-0] i.n.buffer.PooledByteBufAllocator [PooledByteBufAllocator.java : 168] -Dio.netty.allocator.chunkSize: 16777216
2020-10-16 18:08:50,522 DEBUG [vert.x-eventloop-thread-0] i.n.buffer.PooledByteBufAllocator [PooledByteBufAllocator.java : 169] -Dio.netty.allocator.tinyCacheSize: 512
2020-10-16 18:08:50,523 DEBUG [vert.x-eventloop-thread-0] i.n.buffer.PooledByteBufAllocator [PooledByteBufAllocator.java : 170] -Dio.netty.allocator.smallCacheSize: 256
2020-10-16 18:08:50,523 DEBUG [vert.x-eventloop-thread-0] i.n.buffer.PooledByteBufAllocator [PooledByteBufAllocator.java : 171] -Dio.netty.allocator.normalCacheSize: 64
2020-10-16 18:08:50,523 DEBUG [vert.x-eventloop-thread-0] i.n.buffer.PooledByteBufAllocator [PooledByteBufAllocator.java : 172] -Dio.netty.allocator.maxCachedBufferCapacity: 32768
2020-10-16 18:08:50,524 DEBUG [vert.x-eventloop-thread-0] i.n.buffer.PooledByteBufAllocator [PooledByteBufAllocator.java : 173] -Dio.netty.allocator.cacheTrimInterval: 8192
2020-10-16 18:08:50,524 DEBUG [vert.x-eventloop-thread-0] i.n.buffer.PooledByteBufAllocator [PooledByteBufAllocator.java : 174] -Dio.netty.allocator.cacheTrimIntervalMillis: 0
2020-10-16 18:08:50,524 DEBUG [vert.x-eventloop-thread-0] i.n.buffer.PooledByteBufAllocator [PooledByteBufAllocator.java : 175] -Dio.netty.allocator.useCacheForAllThreads: true
2020-10-16 18:08:50,525 DEBUG [vert.x-eventloop-thread-0] i.n.buffer.PooledByteBufAllocator [PooledByteBufAllocator.java : 176] -Dio.netty.allocator.maxCachedByteBuffersPerChunk: 1023
2020-10-16 18:08:50,652 DEBUG [vert.x-eventloop-thread-0] io.netty.channel.DefaultChannelId [DefaultChannelId.java : 79] -Dio.netty.processId: 12796 (auto-detected)
2020-10-16 18:08:50,755 DEBUG [vert.x-eventloop-thread-0] io.netty.channel.DefaultChannelId [DefaultChannelId.java : 101] -Dio.netty.machineId: c8:58:c0:ff:fe:40:7d:6a (auto-detected)
2020-10-16 18:08:50,766 DEBUG [vert.x-eventloop-thread-0] io.netty.buffer.ByteBufUtil [ByteBufUtil.java : 86] -Dio.netty.allocator.type: pooled
2020-10-16 18:08:50,766 DEBUG [vert.x-eventloop-thread-0] io.netty.buffer.ByteBufUtil [ByteBufUtil.java : 95] -Dio.netty.threadLocalDirectBufferSize: 0
2020-10-16 18:08:50,767 DEBUG [vert.x-eventloop-thread-0] io.netty.buffer.ByteBufUtil [ByteBufUtil.java : 98] -Dio.netty.maxThreadLocalCharBufferSize: 16384
2020-10-16 18:08:56,107 DEBUG [vert.x-eventloop-thread-0] io.netty.util.Recycler [Recycler.java : 97] -Dio.netty.recycler.maxCapacityPerThread: 4096
2020-10-16 18:08:56,107 DEBUG [vert.x-eventloop-thread-0] io.netty.util.Recycler [Recycler.java : 98] -Dio.netty.recycler.maxSharedCapacityFactor: 2
2020-10-16 18:08:56,108 DEBUG [vert.x-eventloop-thread-0] io.netty.util.Recycler [Recycler.java : 99] -Dio.netty.recycler.linkCapacity: 16
2020-10-16 18:08:56,108 DEBUG [vert.x-eventloop-thread-0] io.netty.util.Recycler [Recycler.java : 100] -Dio.netty.recycler.ratio: 8
2020-10-16 18:08:56,112 DEBUG [vert.x-eventloop-thread-0] io.netty.buffer.AbstractByteBuf [AbstractByteBuf.java : 63] -Dio.netty.buffer.checkAccessible: true
2020-10-16 18:08:56,112 DEBUG [vert.x-eventloop-thread-0] io.netty.buffer.AbstractByteBuf [AbstractByteBuf.java : 64] -Dio.netty.buffer.checkBounds: true
2020-10-16 18:08:56,113 DEBUG [vert.x-eventloop-thread-0] i.n.util.ResourceLeakDetectorFactory [ResourceLeakDetectorFactory.java : 195] Loaded default ResourceLeakDetector: io.netty.util.ResourceLeakDetector@55462c8a
2020-10-16 18:08:56,160 DEBUG [vert.x-eventloop-thread-0] i.n.h.c.compression.ZlibCodecFactory [ZlibCodecFactory.java : 39] -Dio.netty.noJdkZlibDecoder: false
2020-10-16 18:08:56,161 DEBUG [vert.x-eventloop-thread-0] i.n.h.c.compression.ZlibCodecFactory [ZlibCodecFactory.java : 42] -Dio.netty.noJdkZlibEncoder: false
2020-10-16 18:08:56,410 DEBUG [vert.x-eventloop-thread-0] i.n.util.ResourceLeakDetectorFactory [ResourceLeakDetectorFactory.java : 195] Loaded default ResourceLeakDetector: io.netty.util.ResourceLeakDetector@77a1e553
2020-10-16 18:08:56,417 DEBUG [vert.x-eventloop-thread-0] i.netty.resolver.dns.DnsQueryContext [DnsQueryContext.java : 117] [id: 0x6d87cefc] WRITE: UDP, [45050: /192.168.1.1:53], DefaultDnsQuestion(mt.tencent.timkj.cn. IN A)
2020-10-16 18:08:56,425 DEBUG [vert.x-eventloop-thread-0] i.netty.resolver.dns.DnsNameResolver [DnsNameResolver.java : 1211] [id: 0x6d87cefc] RECEIVED: UDP [45050: /192.168.1.1:53], DatagramDnsResponse(from: /192.168.1.1:53, to: /0:0:0:0:0:0:0:0:54300, 45050, QUERY(0), NoError(0), RD RA)
	DefaultDnsQuestion(mt.tencent.timkj.cn. IN A)
	DefaultDnsRawRecord(mt.tencent.timkj.cn. 1 IN CNAME 35B)
	DefaultDnsRawRecord(mt.tencent.timkj.cn.cdn.dnsv1.com. 1 IN CNAME 32B)
	DefaultDnsRawRecord(cxd7gs7p.dispatch.spcdntip.com. 1 IN A 4B)
2020-10-16 18:08:56,426 DEBUG [vert.x-eventloop-thread-0] i.netty.resolver.dns.DnsQueryContext [DnsQueryContext.java : 117] [id: 0x6d87cefc] WRITE: UDP, [14556: /192.168.1.1:53], DefaultDnsQuestion(cxd7gs7p.dispatch.spcdntip.com. IN A)
2020-10-16 18:08:56,430 DEBUG [vert.x-eventloop-thread-0] i.netty.resolver.dns.DnsNameResolver [DnsNameResolver.java : 1211] [id: 0x6d87cefc] RECEIVED: UDP [14556: /192.168.1.1:53], DatagramDnsResponse(from: /192.168.1.1:53, to: /0:0:0:0:0:0:0:0:54300, 14556, QUERY(0), NoError(0), RD RA)
	DefaultDnsQuestion(cxd7gs7p.dispatch.spcdntip.com. IN A)
	DefaultDnsRawRecord(cxd7gs7p.dispatch.spcdntip.com. 1 IN A 4B)
2020-10-16 18:20:10,130 DEBUG [vert.x-eventloop-thread-0] i.netty.resolver.dns.DnsQueryContext [DnsQueryContext.java : 117] [id: 0x6d87cefc] WRITE: UDP, [5120: /192.168.1.1:53], DefaultDnsQuestion(mt.tencent.timkj.cn. IN A)
2020-10-16 18:20:10,136 DEBUG [vert.x-eventloop-thread-0] i.netty.resolver.dns.DnsNameResolver [DnsNameResolver.java : 1211] [id: 0x6d87cefc] RECEIVED: UDP [5120: /192.168.1.1:53], DatagramDnsResponse(from: /192.168.1.1:53, to: /0:0:0:0:0:0:0:0:54300, 5120, QUERY(0), NoError(0), RD RA)
	DefaultDnsQuestion(mt.tencent.timkj.cn. IN A)
	DefaultDnsRawRecord(mt.tencent.timkj.cn. 1 IN CNAME 35B)
	DefaultDnsRawRecord(mt.tencent.timkj.cn.cdn.dnsv1.com. 1 IN CNAME 32B)
	DefaultDnsRawRecord(cxd7gs7p.dispatch.spcdntip.com. 1 IN A 4B)
2020-10-16 18:20:10,137 DEBUG [vert.x-eventloop-thread-0] i.netty.resolver.dns.DnsQueryContext [DnsQueryContext.java : 117] [id: 0x6d87cefc] WRITE: UDP, [12963: /192.168.1.1:53], DefaultDnsQuestion(cxd7gs7p.dispatch.spcdntip.com. IN A)
2020-10-16 18:20:10,142 DEBUG [vert.x-eventloop-thread-0] i.netty.resolver.dns.DnsNameResolver [DnsNameResolver.java : 1211] [id: 0x6d87cefc] RECEIVED: UDP [12963: /192.168.1.1:53], DatagramDnsResponse(from: /192.168.1.1:53, to: /0:0:0:0:0:0:0:0:54300, 12963, QUERY(0), NoError(0), RD RA)
	DefaultDnsQuestion(cxd7gs7p.dispatch.spcdntip.com. IN A)
	DefaultDnsRawRecord(cxd7gs7p.dispatch.spcdntip.com. 1 IN A 4B)
